{"/home/goose/sources/mrazza/razza-dev/utils/physics.ts": {"path":"/home/goose/sources/mrazza/razza-dev/utils/physics.ts","statementMap":{"0":{"start":{"line":29,"column":2},"end":{"line":29,"column":null}},"1":{"start":{"line":30,"column":2},"end":{"line":30,"column":null}},"2":{"start":{"line":31,"column":2},"end":{"line":31,"column":null}},"3":{"start":{"line":32,"column":2},"end":{"line":32,"column":null}},"4":{"start":{"line":33,"column":2},"end":{"line":33,"column":null}},"5":{"start":{"line":36,"column":2},"end":{"line":36,"column":null}},"6":{"start":{"line":37,"column":2},"end":{"line":37,"column":null}},"7":{"start":{"line":38,"column":2},"end":{"line":38,"column":null}},"8":{"start":{"line":41,"column":4},"end":{"line":41,"column":null}},"9":{"start":{"line":48,"column":4},"end":{"line":48,"column":null}},"10":{"start":{"line":55,"column":4},"end":{"line":55,"column":null}},"11":{"start":{"line":62,"column":4},"end":{"line":62,"column":null}},"12":{"start":{"line":62,"column":42},"end":{"line":62,"column":53}},"13":{"start":{"line":69,"column":4},"end":{"line":69,"column":null}},"14":{"start":{"line":70,"column":4},"end":{"line":70,"column":null}},"15":{"start":{"line":77,"column":4},"end":{"line":108,"column":null}},"16":{"start":{"line":78,"column":6},"end":{"line":78,"column":null}},"17":{"start":{"line":78,"column":25},"end":{"line":78,"column":null}},"18":{"start":{"line":80,"column":21},"end":{"line":80,"column":null}},"19":{"start":{"line":81,"column":6},"end":{"line":98,"column":null}},"20":{"start":{"line":82,"column":19},"end":{"line":82,"column":null}},"21":{"start":{"line":83,"column":19},"end":{"line":83,"column":null}},"22":{"start":{"line":84,"column":8},"end":{"line":86,"column":null}},"23":{"start":{"line":85,"column":10},"end":{"line":85,"column":null}},"24":{"start":{"line":87,"column":6},"end":{"line":98,"column":null}},"25":{"start":{"line":88,"column":22},"end":{"line":88,"column":null}},"26":{"start":{"line":89,"column":22},"end":{"line":89,"column":null}},"27":{"start":{"line":90,"column":8},"end":{"line":97,"column":null}},"28":{"start":{"line":96,"column":10},"end":{"line":96,"column":null}},"29":{"start":{"line":100,"column":6},"end":{"line":107,"column":null}},"30":{"start":{"line":101,"column":8},"end":{"line":101,"column":null}},"31":{"start":{"line":102,"column":8},"end":{"line":102,"column":null}},"32":{"start":{"line":103,"column":8},"end":{"line":103,"column":null}},"33":{"start":{"line":104,"column":8},"end":{"line":104,"column":null}},"34":{"start":{"line":105,"column":8},"end":{"line":105,"column":null}},"35":{"start":{"line":106,"column":8},"end":{"line":106,"column":null}},"36":{"start":{"line":109,"column":4},"end":{"line":109,"column":null}},"37":{"start":{"line":116,"column":4},"end":{"line":116,"column":null}},"38":{"start":{"line":116,"column":26},"end":{"line":116,"column":null}},"39":{"start":{"line":117,"column":17},"end":{"line":117,"column":null}},"40":{"start":{"line":117,"column":39},"end":{"line":117,"column":63}},"41":{"start":{"line":118,"column":4},"end":{"line":128,"column":null}},"42":{"start":{"line":119,"column":22},"end":{"line":119,"column":null}},"43":{"start":{"line":120,"column":22},"end":{"line":120,"column":null}},"44":{"start":{"line":123,"column":6},"end":{"line":123,"column":null}},"45":{"start":{"line":124,"column":6},"end":{"line":124,"column":null}},"46":{"start":{"line":126,"column":6},"end":{"line":126,"column":null}},"47":{"start":{"line":127,"column":6},"end":{"line":127,"column":null}},"48":{"start":{"line":135,"column":4},"end":{"line":135,"column":null}},"49":{"start":{"line":139,"column":4},"end":{"line":139,"column":null}},"50":{"start":{"line":148,"column":41},"end":{"line":148,"column":null}},"51":{"start":{"line":151,"column":4},"end":{"line":161,"column":null}},"52":{"start":{"line":152,"column":6},"end":{"line":152,"column":null}},"53":{"start":{"line":152,"column":56},"end":{"line":152,"column":null}},"54":{"start":{"line":154,"column":6},"end":{"line":154,"column":null}},"55":{"start":{"line":155,"column":6},"end":{"line":155,"column":null}},"56":{"start":{"line":156,"column":6},"end":{"line":156,"column":null}},"57":{"start":{"line":157,"column":6},"end":{"line":157,"column":null}},"58":{"start":{"line":159,"column":6},"end":{"line":159,"column":null}},"59":{"start":{"line":160,"column":6},"end":{"line":160,"column":null}},"60":{"start":{"line":164,"column":4},"end":{"line":175,"column":null}},"61":{"start":{"line":165,"column":6},"end":{"line":165,"column":null}},"62":{"start":{"line":165,"column":25},"end":{"line":165,"column":null}},"63":{"start":{"line":167,"column":29},"end":{"line":167,"column":null}},"64":{"start":{"line":168,"column":6},"end":{"line":174,"column":null}},"65":{"start":{"line":169,"column":8},"end":{"line":173,"column":null}},"66":{"start":{"line":178,"column":4},"end":{"line":188,"column":null}},"67":{"start":{"line":178,"column":17},"end":{"line":178,"column":20}},"68":{"start":{"line":179,"column":6},"end":{"line":187,"column":null}},"69":{"start":{"line":179,"column":19},"end":{"line":179,"column":26}},"70":{"start":{"line":180,"column":22},"end":{"line":180,"column":null}},"71":{"start":{"line":181,"column":22},"end":{"line":181,"column":null}},"72":{"start":{"line":183,"column":23},"end":{"line":183,"column":null}},"73":{"start":{"line":184,"column":8},"end":{"line":186,"column":null}},"74":{"start":{"line":185,"column":10},"end":{"line":185,"column":null}},"75":{"start":{"line":190,"column":4},"end":{"line":190,"column":null}},"76":{"start":{"line":197,"column":26},"end":{"line":197,"column":null}},"77":{"start":{"line":199,"column":4},"end":{"line":253,"column":null}},"78":{"start":{"line":200,"column":18},"end":{"line":200,"column":null}},"79":{"start":{"line":202,"column":6},"end":{"line":212,"column":null}},"80":{"start":{"line":203,"column":8},"end":{"line":203,"column":null}},"81":{"start":{"line":204,"column":8},"end":{"line":204,"column":null}},"82":{"start":{"line":205,"column":8},"end":{"line":205,"column":null}},"83":{"start":{"line":206,"column":6},"end":{"line":212,"column":null}},"84":{"start":{"line":209,"column":8},"end":{"line":209,"column":null}},"85":{"start":{"line":210,"column":8},"end":{"line":210,"column":null}},"86":{"start":{"line":211,"column":8},"end":{"line":211,"column":null}},"87":{"start":{"line":214,"column":6},"end":{"line":224,"column":null}},"88":{"start":{"line":215,"column":8},"end":{"line":215,"column":null}},"89":{"start":{"line":216,"column":8},"end":{"line":216,"column":null}},"90":{"start":{"line":217,"column":8},"end":{"line":217,"column":null}},"91":{"start":{"line":218,"column":6},"end":{"line":224,"column":null}},"92":{"start":{"line":221,"column":8},"end":{"line":221,"column":null}},"93":{"start":{"line":222,"column":8},"end":{"line":222,"column":null}},"94":{"start":{"line":223,"column":8},"end":{"line":223,"column":null}},"95":{"start":{"line":225,"column":4},"end":{"line":253,"column":null}},"96":{"start":{"line":226,"column":20},"end":{"line":226,"column":null}},"97":{"start":{"line":227,"column":20},"end":{"line":227,"column":null}},"98":{"start":{"line":230,"column":6},"end":{"line":240,"column":null}},"99":{"start":{"line":231,"column":8},"end":{"line":231,"column":null}},"100":{"start":{"line":232,"column":8},"end":{"line":232,"column":null}},"101":{"start":{"line":233,"column":8},"end":{"line":233,"column":null}},"102":{"start":{"line":234,"column":6},"end":{"line":240,"column":null}},"103":{"start":{"line":237,"column":8},"end":{"line":237,"column":null}},"104":{"start":{"line":238,"column":8},"end":{"line":238,"column":null}},"105":{"start":{"line":239,"column":8},"end":{"line":239,"column":null}},"106":{"start":{"line":242,"column":6},"end":{"line":252,"column":null}},"107":{"start":{"line":243,"column":8},"end":{"line":243,"column":null}},"108":{"start":{"line":244,"column":8},"end":{"line":244,"column":null}},"109":{"start":{"line":245,"column":8},"end":{"line":245,"column":null}},"110":{"start":{"line":246,"column":6},"end":{"line":252,"column":null}},"111":{"start":{"line":249,"column":8},"end":{"line":249,"column":null}},"112":{"start":{"line":250,"column":8},"end":{"line":250,"column":null}},"113":{"start":{"line":251,"column":8},"end":{"line":251,"column":null}},"114":{"start":{"line":255,"column":4},"end":{"line":255,"column":null}},"115":{"start":{"line":262,"column":4},"end":{"line":262,"column":null}},"116":{"start":{"line":262,"column":42},"end":{"line":262,"column":null}},"117":{"start":{"line":265,"column":4},"end":{"line":267,"column":null}},"118":{"start":{"line":266,"column":6},"end":{"line":266,"column":null}},"119":{"start":{"line":270,"column":4},"end":{"line":272,"column":null}},"120":{"start":{"line":271,"column":6},"end":{"line":271,"column":null}},"121":{"start":{"line":275,"column":4},"end":{"line":279,"column":null}},"122":{"start":{"line":276,"column":6},"end":{"line":276,"column":null}},"123":{"start":{"line":278,"column":6},"end":{"line":278,"column":null}},"124":{"start":{"line":283,"column":15},"end":{"line":283,"column":null}},"125":{"start":{"line":284,"column":15},"end":{"line":284,"column":null}},"126":{"start":{"line":285,"column":15},"end":{"line":285,"column":null}},"127":{"start":{"line":286,"column":15},"end":{"line":286,"column":null}},"128":{"start":{"line":287,"column":17},"end":{"line":287,"column":null}},"129":{"start":{"line":288,"column":20},"end":{"line":288,"column":null}},"130":{"start":{"line":290,"column":4},"end":{"line":290,"column":null}},"131":{"start":{"line":290,"column":39},"end":{"line":290,"column":null}},"132":{"start":{"line":293,"column":20},"end":{"line":293,"column":null}},"133":{"start":{"line":294,"column":15},"end":{"line":294,"column":null}},"134":{"start":{"line":295,"column":15},"end":{"line":295,"column":null}},"135":{"start":{"line":298,"column":10},"end":{"line":298,"column":null}},"136":{"start":{"line":299,"column":4},"end":{"line":299,"column":null}},"137":{"start":{"line":299,"column":32},"end":{"line":299,"column":null}},"138":{"start":{"line":301,"column":24},"end":{"line":301,"column":null}},"139":{"start":{"line":302,"column":24},"end":{"line":302,"column":null}},"140":{"start":{"line":304,"column":4},"end":{"line":307,"column":null}},"141":{"start":{"line":305,"column":6},"end":{"line":305,"column":null}},"142":{"start":{"line":306,"column":6},"end":{"line":306,"column":null}},"143":{"start":{"line":308,"column":4},"end":{"line":311,"column":null}},"144":{"start":{"line":309,"column":6},"end":{"line":309,"column":null}},"145":{"start":{"line":310,"column":6},"end":{"line":310,"column":null}},"146":{"start":{"line":314,"column":16},"end":{"line":314,"column":null}},"147":{"start":{"line":315,"column":16},"end":{"line":315,"column":null}},"148":{"start":{"line":316,"column":27},"end":{"line":316,"column":null}},"149":{"start":{"line":319,"column":4},"end":{"line":319,"column":null}},"150":{"start":{"line":319,"column":28},"end":{"line":319,"column":null}},"151":{"start":{"line":322,"column":24},"end":{"line":322,"column":null}},"152":{"start":{"line":323,"column":24},"end":{"line":323,"column":null}},"153":{"start":{"line":324,"column":4},"end":{"line":324,"column":null}},"154":{"start":{"line":327,"column":21},"end":{"line":327,"column":null}},"155":{"start":{"line":328,"column":21},"end":{"line":328,"column":null}},"156":{"start":{"line":330,"column":4},"end":{"line":333,"column":null}},"157":{"start":{"line":331,"column":6},"end":{"line":331,"column":null}},"158":{"start":{"line":332,"column":6},"end":{"line":332,"column":null}},"159":{"start":{"line":334,"column":4},"end":{"line":337,"column":null}},"160":{"start":{"line":335,"column":6},"end":{"line":335,"column":null}},"161":{"start":{"line":336,"column":6},"end":{"line":336,"column":null}},"162":{"start":{"line":339,"column":4},"end":{"line":339,"column":null}},"163":{"start":{"line":343,"column":15},"end":{"line":343,"column":null}},"164":{"start":{"line":344,"column":15},"end":{"line":344,"column":null}},"165":{"start":{"line":345,"column":15},"end":{"line":345,"column":null}},"166":{"start":{"line":346,"column":15},"end":{"line":346,"column":null}},"167":{"start":{"line":348,"column":15},"end":{"line":348,"column":null}},"168":{"start":{"line":349,"column":15},"end":{"line":349,"column":null}},"169":{"start":{"line":351,"column":19},"end":{"line":351,"column":null}},"170":{"start":{"line":352,"column":19},"end":{"line":352,"column":null}},"171":{"start":{"line":353,"column":19},"end":{"line":353,"column":null}},"172":{"start":{"line":354,"column":19},"end":{"line":354,"column":null}},"173":{"start":{"line":356,"column":22},"end":{"line":356,"column":null}},"174":{"start":{"line":357,"column":22},"end":{"line":357,"column":null}},"175":{"start":{"line":359,"column":4},"end":{"line":359,"column":null}},"176":{"start":{"line":359,"column":40},"end":{"line":359,"column":null}},"177":{"start":{"line":362,"column":13},"end":{"line":362,"column":null}},"178":{"start":{"line":363,"column":13},"end":{"line":363,"column":null}},"179":{"start":{"line":364,"column":18},"end":{"line":364,"column":null}},"180":{"start":{"line":366,"column":4},"end":{"line":372,"column":null}},"181":{"start":{"line":367,"column":6},"end":{"line":367,"column":null}},"182":{"start":{"line":368,"column":6},"end":{"line":368,"column":null}},"183":{"start":{"line":370,"column":6},"end":{"line":370,"column":null}},"184":{"start":{"line":371,"column":6},"end":{"line":371,"column":null}},"185":{"start":{"line":374,"column":10},"end":{"line":374,"column":null}},"186":{"start":{"line":375,"column":4},"end":{"line":375,"column":null}},"187":{"start":{"line":375,"column":32},"end":{"line":375,"column":null}},"188":{"start":{"line":378,"column":24},"end":{"line":378,"column":null}},"189":{"start":{"line":379,"column":24},"end":{"line":379,"column":null}},"190":{"start":{"line":381,"column":4},"end":{"line":384,"column":null}},"191":{"start":{"line":382,"column":6},"end":{"line":382,"column":null}},"192":{"start":{"line":383,"column":6},"end":{"line":383,"column":null}},"193":{"start":{"line":385,"column":4},"end":{"line":388,"column":null}},"194":{"start":{"line":386,"column":6},"end":{"line":386,"column":null}},"195":{"start":{"line":387,"column":6},"end":{"line":387,"column":null}},"196":{"start":{"line":391,"column":16},"end":{"line":391,"column":null}},"197":{"start":{"line":392,"column":16},"end":{"line":392,"column":null}},"198":{"start":{"line":393,"column":27},"end":{"line":393,"column":null}},"199":{"start":{"line":395,"column":4},"end":{"line":395,"column":null}},"200":{"start":{"line":395,"column":28},"end":{"line":395,"column":null}},"201":{"start":{"line":397,"column":24},"end":{"line":397,"column":null}},"202":{"start":{"line":398,"column":24},"end":{"line":398,"column":null}},"203":{"start":{"line":399,"column":4},"end":{"line":399,"column":null}},"204":{"start":{"line":401,"column":21},"end":{"line":401,"column":null}},"205":{"start":{"line":402,"column":21},"end":{"line":402,"column":null}},"206":{"start":{"line":404,"column":4},"end":{"line":407,"column":null}},"207":{"start":{"line":405,"column":6},"end":{"line":405,"column":null}},"208":{"start":{"line":406,"column":6},"end":{"line":406,"column":null}},"209":{"start":{"line":408,"column":4},"end":{"line":411,"column":null}},"210":{"start":{"line":409,"column":6},"end":{"line":409,"column":null}},"211":{"start":{"line":410,"column":6},"end":{"line":410,"column":null}},"212":{"start":{"line":413,"column":4},"end":{"line":413,"column":null}},"213":{"start":{"line":417,"column":15},"end":{"line":417,"column":null}},"214":{"start":{"line":418,"column":15},"end":{"line":418,"column":null}},"215":{"start":{"line":419,"column":15},"end":{"line":419,"column":null}},"216":{"start":{"line":422,"column":21},"end":{"line":422,"column":null}},"217":{"start":{"line":423,"column":21},"end":{"line":423,"column":null}},"218":{"start":{"line":425,"column":15},"end":{"line":425,"column":null}},"219":{"start":{"line":426,"column":15},"end":{"line":426,"column":null}},"220":{"start":{"line":427,"column":17},"end":{"line":427,"column":null}},"221":{"start":{"line":430,"column":4},"end":{"line":430,"column":null}},"222":{"start":{"line":430,"column":34},"end":{"line":430,"column":null}},"223":{"start":{"line":433,"column":13},"end":{"line":433,"column":null}},"224":{"start":{"line":434,"column":13},"end":{"line":434,"column":null}},"225":{"start":{"line":435,"column":18},"end":{"line":435,"column":null}},"226":{"start":{"line":438,"column":4},"end":{"line":458,"column":null}},"227":{"start":{"line":439,"column":26},"end":{"line":439,"column":null}},"228":{"start":{"line":440,"column":28},"end":{"line":440,"column":null}},"229":{"start":{"line":441,"column":25},"end":{"line":441,"column":null}},"230":{"start":{"line":442,"column":29},"end":{"line":442,"column":null}},"231":{"start":{"line":444,"column":25},"end":{"line":444,"column":null}},"232":{"start":{"line":445,"column":6},"end":{"line":457,"column":null}},"233":{"start":{"line":446,"column":8},"end":{"line":446,"column":null}},"234":{"start":{"line":447,"column":8},"end":{"line":447,"column":null}},"235":{"start":{"line":448,"column":6},"end":{"line":457,"column":null}},"236":{"start":{"line":449,"column":8},"end":{"line":449,"column":null}},"237":{"start":{"line":450,"column":8},"end":{"line":450,"column":null}},"238":{"start":{"line":451,"column":6},"end":{"line":457,"column":null}},"239":{"start":{"line":452,"column":8},"end":{"line":452,"column":null}},"240":{"start":{"line":453,"column":8},"end":{"line":453,"column":null}},"241":{"start":{"line":455,"column":8},"end":{"line":455,"column":null}},"242":{"start":{"line":456,"column":8},"end":{"line":456,"column":null}},"243":{"start":{"line":460,"column":10},"end":{"line":460,"column":null}},"244":{"start":{"line":461,"column":4},"end":{"line":461,"column":null}},"245":{"start":{"line":461,"column":32},"end":{"line":461,"column":null}},"246":{"start":{"line":464,"column":24},"end":{"line":464,"column":null}},"247":{"start":{"line":465,"column":24},"end":{"line":465,"column":null}},"248":{"start":{"line":467,"column":4},"end":{"line":470,"column":null}},"249":{"start":{"line":468,"column":6},"end":{"line":468,"column":null}},"250":{"start":{"line":469,"column":6},"end":{"line":469,"column":null}},"251":{"start":{"line":471,"column":4},"end":{"line":474,"column":null}},"252":{"start":{"line":472,"column":6},"end":{"line":472,"column":null}},"253":{"start":{"line":473,"column":6},"end":{"line":473,"column":null}},"254":{"start":{"line":477,"column":16},"end":{"line":477,"column":null}},"255":{"start":{"line":478,"column":16},"end":{"line":478,"column":null}},"256":{"start":{"line":479,"column":27},"end":{"line":479,"column":null}},"257":{"start":{"line":481,"column":4},"end":{"line":481,"column":null}},"258":{"start":{"line":481,"column":28},"end":{"line":481,"column":null}},"259":{"start":{"line":483,"column":24},"end":{"line":483,"column":null}},"260":{"start":{"line":484,"column":24},"end":{"line":484,"column":null}},"261":{"start":{"line":485,"column":4},"end":{"line":485,"column":null}},"262":{"start":{"line":487,"column":21},"end":{"line":487,"column":null}},"263":{"start":{"line":488,"column":21},"end":{"line":488,"column":null}},"264":{"start":{"line":490,"column":4},"end":{"line":493,"column":null}},"265":{"start":{"line":491,"column":6},"end":{"line":491,"column":null}},"266":{"start":{"line":492,"column":6},"end":{"line":492,"column":null}},"267":{"start":{"line":494,"column":4},"end":{"line":497,"column":null}},"268":{"start":{"line":495,"column":6},"end":{"line":495,"column":null}},"269":{"start":{"line":496,"column":6},"end":{"line":496,"column":null}},"270":{"start":{"line":499,"column":4},"end":{"line":499,"column":null}}},"fnMap":{"0":{"name":"(anonymous_0)","decl":{"start":{"line":40,"column":2},"end":{"line":40,"column":14}},"loc":{"start":{"line":40,"column":57},"end":{"line":42,"column":null}},"line":40},"1":{"name":"(anonymous_1)","decl":{"start":{"line":47,"column":2},"end":{"line":47,"column":9}},"loc":{"start":{"line":47,"column":40},"end":{"line":49,"column":null}},"line":47},"2":{"name":"(anonymous_2)","decl":{"start":{"line":54,"column":2},"end":{"line":54,"column":10}},"loc":{"start":{"line":54,"column":29},"end":{"line":56,"column":null}},"line":54},"3":{"name":"(anonymous_3)","decl":{"start":{"line":61,"column":2},"end":{"line":61,"column":13}},"loc":{"start":{"line":61,"column":25},"end":{"line":63,"column":null}},"line":61},"4":{"name":"(anonymous_4)","decl":{"start":{"line":62,"column":37},"end":{"line":62,"column":42}},"loc":{"start":{"line":62,"column":42},"end":{"line":62,"column":53}},"line":62},"5":{"name":"(anonymous_5)","decl":{"start":{"line":68,"column":2},"end":{"line":68,"column":10}},"loc":{"start":{"line":68,"column":10},"end":{"line":71,"column":null}},"line":68},"6":{"name":"(anonymous_6)","decl":{"start":{"line":76,"column":2},"end":{"line":76,"column":12}},"loc":{"start":{"line":76,"column":64},"end":{"line":110,"column":null}},"line":76},"7":{"name":"(anonymous_7)","decl":{"start":{"line":115,"column":2},"end":{"line":115,"column":13}},"loc":{"start":{"line":115,"column":45},"end":{"line":129,"column":null}},"line":115},"8":{"name":"(anonymous_8)","decl":{"start":{"line":117,"column":34},"end":{"line":117,"column":39}},"loc":{"start":{"line":117,"column":39},"end":{"line":117,"column":63}},"line":117},"9":{"name":"(anonymous_9)","decl":{"start":{"line":134,"column":2},"end":{"line":134,"column":12}},"loc":{"start":{"line":134,"column":12},"end":{"line":136,"column":null}},"line":134},"10":{"name":"(anonymous_10)","decl":{"start":{"line":138,"column":2},"end":{"line":138,"column":36}},"loc":{"start":{"line":138,"column":36},"end":{"line":140,"column":null}},"line":138},"11":{"name":"(anonymous_11)","decl":{"start":{"line":147,"column":2},"end":{"line":147,"column":27}},"loc":{"start":{"line":147,"column":27},"end":{"line":191,"column":null}},"line":147},"12":{"name":"(anonymous_12)","decl":{"start":{"line":196,"column":10},"end":{"line":196,"column":28}},"loc":{"start":{"line":196,"column":55},"end":{"line":256,"column":null}},"line":196},"13":{"name":"(anonymous_13)","decl":{"start":{"line":261,"column":10},"end":{"line":261,"column":27}},"loc":{"start":{"line":261,"column":75},"end":{"line":280,"column":null}},"line":261},"14":{"name":"(anonymous_14)","decl":{"start":{"line":282,"column":10},"end":{"line":282,"column":32}},"loc":{"start":{"line":282,"column":80},"end":{"line":340,"column":null}},"line":282},"15":{"name":"(anonymous_15)","decl":{"start":{"line":342,"column":10},"end":{"line":342,"column":38}},"loc":{"start":{"line":342,"column":86},"end":{"line":414,"column":null}},"line":342},"16":{"name":"(anonymous_16)","decl":{"start":{"line":416,"column":10},"end":{"line":416,"column":30}},"loc":{"start":{"line":416,"column":78},"end":{"line":500,"column":null}},"line":416}},"branchMap":{"0":{"loc":{"start":{"line":40,"column":14},"end":{"line":40,"column":35}},"type":"default-arg","locations":[{"start":{"line":40,"column":30},"end":{"line":40,"column":35}}],"line":40},"1":{"loc":{"start":{"line":40,"column":35},"end":{"line":40,"column":57}},"type":"default-arg","locations":[{"start":{"line":40,"column":52},"end":{"line":40,"column":57}}],"line":40},"2":{"loc":{"start":{"line":78,"column":6},"end":{"line":78,"column":null}},"type":"if","locations":[{"start":{"line":78,"column":6},"end":{"line":78,"column":null}},{"start":{},"end":{}}],"line":78},"3":{"loc":{"start":{"line":81,"column":6},"end":{"line":98,"column":null}},"type":"if","locations":[{"start":{"line":81,"column":6},"end":{"line":98,"column":null}},{"start":{"line":87,"column":6},"end":{"line":98,"column":null}}],"line":81},"4":{"loc":{"start":{"line":81,"column":10},"end":{"line":81,"column":49}},"type":"binary-expr","locations":[{"start":{"line":81,"column":10},"end":{"line":81,"column":36}},{"start":{"line":81,"column":36},"end":{"line":81,"column":49}}],"line":81},"5":{"loc":{"start":{"line":84,"column":8},"end":{"line":86,"column":null}},"type":"if","locations":[{"start":{"line":84,"column":8},"end":{"line":86,"column":null}},{"start":{},"end":{}}],"line":84},"6":{"loc":{"start":{"line":87,"column":6},"end":{"line":98,"column":null}},"type":"if","locations":[{"start":{"line":87,"column":6},"end":{"line":98,"column":null}},{"start":{},"end":{}}],"line":87},"7":{"loc":{"start":{"line":87,"column":17},"end":{"line":87,"column":73}},"type":"binary-expr","locations":[{"start":{"line":87,"column":17},"end":{"line":87,"column":46}},{"start":{"line":87,"column":46},"end":{"line":87,"column":60}},{"start":{"line":87,"column":60},"end":{"line":87,"column":73}}],"line":87},"8":{"loc":{"start":{"line":90,"column":8},"end":{"line":97,"column":null}},"type":"if","locations":[{"start":{"line":90,"column":8},"end":{"line":97,"column":null}},{"start":{},"end":{}}],"line":90},"9":{"loc":{"start":{"line":91,"column":10},"end":{"line":94,"column":null}},"type":"binary-expr","locations":[{"start":{"line":91,"column":10},"end":{"line":91,"column":null}},{"start":{"line":92,"column":10},"end":{"line":92,"column":null}},{"start":{"line":93,"column":10},"end":{"line":93,"column":null}},{"start":{"line":94,"column":10},"end":{"line":94,"column":null}}],"line":91},"10":{"loc":{"start":{"line":100,"column":6},"end":{"line":107,"column":null}},"type":"if","locations":[{"start":{"line":100,"column":6},"end":{"line":107,"column":null}},{"start":{},"end":{}}],"line":100},"11":{"loc":{"start":{"line":116,"column":4},"end":{"line":116,"column":null}},"type":"if","locations":[{"start":{"line":116,"column":4},"end":{"line":116,"column":null}},{"start":{},"end":{}}],"line":116},"12":{"loc":{"start":{"line":118,"column":4},"end":{"line":128,"column":null}},"type":"if","locations":[{"start":{"line":118,"column":4},"end":{"line":128,"column":null}},{"start":{},"end":{}}],"line":118},"13":{"loc":{"start":{"line":152,"column":6},"end":{"line":152,"column":null}},"type":"if","locations":[{"start":{"line":152,"column":6},"end":{"line":152,"column":null}},{"start":{},"end":{}}],"line":152},"14":{"loc":{"start":{"line":152,"column":10},"end":{"line":152,"column":56}},"type":"binary-expr","locations":[{"start":{"line":152,"column":10},"end":{"line":152,"column":27}},{"start":{"line":152,"column":27},"end":{"line":152,"column":56}}],"line":152},"15":{"loc":{"start":{"line":165,"column":6},"end":{"line":165,"column":null}},"type":"if","locations":[{"start":{"line":165,"column":6},"end":{"line":165,"column":null}},{"start":{},"end":{}}],"line":165},"16":{"loc":{"start":{"line":168,"column":6},"end":{"line":174,"column":null}},"type":"if","locations":[{"start":{"line":168,"column":6},"end":{"line":174,"column":null}},{"start":{},"end":{}}],"line":168},"17":{"loc":{"start":{"line":184,"column":8},"end":{"line":186,"column":null}},"type":"if","locations":[{"start":{"line":184,"column":8},"end":{"line":186,"column":null}},{"start":{},"end":{}}],"line":184},"18":{"loc":{"start":{"line":199,"column":4},"end":{"line":253,"column":null}},"type":"if","locations":[{"start":{"line":199,"column":4},"end":{"line":253,"column":null}},{"start":{"line":225,"column":4},"end":{"line":253,"column":null}}],"line":199},"19":{"loc":{"start":{"line":199,"column":8},"end":{"line":199,"column":47}},"type":"binary-expr","locations":[{"start":{"line":199,"column":8},"end":{"line":199,"column":34}},{"start":{"line":199,"column":34},"end":{"line":199,"column":47}}],"line":199},"20":{"loc":{"start":{"line":202,"column":6},"end":{"line":212,"column":null}},"type":"if","locations":[{"start":{"line":202,"column":6},"end":{"line":212,"column":null}},{"start":{"line":206,"column":6},"end":{"line":212,"column":null}}],"line":202},"21":{"loc":{"start":{"line":206,"column":6},"end":{"line":212,"column":null}},"type":"if","locations":[{"start":{"line":206,"column":6},"end":{"line":212,"column":null}},{"start":{},"end":{}}],"line":206},"22":{"loc":{"start":{"line":214,"column":6},"end":{"line":224,"column":null}},"type":"if","locations":[{"start":{"line":214,"column":6},"end":{"line":224,"column":null}},{"start":{"line":218,"column":6},"end":{"line":224,"column":null}}],"line":214},"23":{"loc":{"start":{"line":218,"column":6},"end":{"line":224,"column":null}},"type":"if","locations":[{"start":{"line":218,"column":6},"end":{"line":224,"column":null}},{"start":{},"end":{}}],"line":218},"24":{"loc":{"start":{"line":225,"column":4},"end":{"line":253,"column":null}},"type":"if","locations":[{"start":{"line":225,"column":4},"end":{"line":253,"column":null}},{"start":{},"end":{}}],"line":225},"25":{"loc":{"start":{"line":225,"column":15},"end":{"line":225,"column":71}},"type":"binary-expr","locations":[{"start":{"line":225,"column":15},"end":{"line":225,"column":44}},{"start":{"line":225,"column":44},"end":{"line":225,"column":58}},{"start":{"line":225,"column":58},"end":{"line":225,"column":71}}],"line":225},"26":{"loc":{"start":{"line":230,"column":6},"end":{"line":240,"column":null}},"type":"if","locations":[{"start":{"line":230,"column":6},"end":{"line":240,"column":null}},{"start":{"line":234,"column":6},"end":{"line":240,"column":null}}],"line":230},"27":{"loc":{"start":{"line":234,"column":6},"end":{"line":240,"column":null}},"type":"if","locations":[{"start":{"line":234,"column":6},"end":{"line":240,"column":null}},{"start":{},"end":{}}],"line":234},"28":{"loc":{"start":{"line":242,"column":6},"end":{"line":252,"column":null}},"type":"if","locations":[{"start":{"line":242,"column":6},"end":{"line":252,"column":null}},{"start":{"line":246,"column":6},"end":{"line":252,"column":null}}],"line":242},"29":{"loc":{"start":{"line":246,"column":6},"end":{"line":252,"column":null}},"type":"if","locations":[{"start":{"line":246,"column":6},"end":{"line":252,"column":null}},{"start":{},"end":{}}],"line":246},"30":{"loc":{"start":{"line":262,"column":4},"end":{"line":262,"column":null}},"type":"if","locations":[{"start":{"line":262,"column":4},"end":{"line":262,"column":null}},{"start":{},"end":{}}],"line":262},"31":{"loc":{"start":{"line":262,"column":8},"end":{"line":262,"column":42}},"type":"binary-expr","locations":[{"start":{"line":262,"column":8},"end":{"line":262,"column":26}},{"start":{"line":262,"column":26},"end":{"line":262,"column":42}}],"line":262},"32":{"loc":{"start":{"line":265,"column":4},"end":{"line":267,"column":null}},"type":"if","locations":[{"start":{"line":265,"column":4},"end":{"line":267,"column":null}},{"start":{},"end":{}}],"line":265},"33":{"loc":{"start":{"line":265,"column":8},"end":{"line":265,"column":60}},"type":"binary-expr","locations":[{"start":{"line":265,"column":8},"end":{"line":265,"column":35}},{"start":{"line":265,"column":35},"end":{"line":265,"column":60}}],"line":265},"34":{"loc":{"start":{"line":270,"column":4},"end":{"line":272,"column":null}},"type":"if","locations":[{"start":{"line":270,"column":4},"end":{"line":272,"column":null}},{"start":{},"end":{}}],"line":270},"35":{"loc":{"start":{"line":270,"column":8},"end":{"line":270,"column":66}},"type":"binary-expr","locations":[{"start":{"line":270,"column":8},"end":{"line":270,"column":38}},{"start":{"line":270,"column":38},"end":{"line":270,"column":66}}],"line":270},"36":{"loc":{"start":{"line":275,"column":4},"end":{"line":279,"column":null}},"type":"if","locations":[{"start":{"line":275,"column":4},"end":{"line":279,"column":null}},{"start":{"line":277,"column":11},"end":{"line":279,"column":null}}],"line":275},"37":{"loc":{"start":{"line":275,"column":8},"end":{"line":275,"column":63}},"type":"binary-expr","locations":[{"start":{"line":275,"column":8},"end":{"line":275,"column":38}},{"start":{"line":275,"column":38},"end":{"line":275,"column":63}}],"line":275},"38":{"loc":{"start":{"line":283,"column":15},"end":{"line":283,"column":null}},"type":"binary-expr","locations":[{"start":{"line":283,"column":15},"end":{"line":283,"column":31}},{"start":{"line":283,"column":31},"end":{"line":283,"column":null}}],"line":283},"39":{"loc":{"start":{"line":284,"column":15},"end":{"line":284,"column":null}},"type":"binary-expr","locations":[{"start":{"line":284,"column":15},"end":{"line":284,"column":31}},{"start":{"line":284,"column":31},"end":{"line":284,"column":null}}],"line":284},"40":{"loc":{"start":{"line":290,"column":4},"end":{"line":290,"column":null}},"type":"if","locations":[{"start":{"line":290,"column":4},"end":{"line":290,"column":null}},{"start":{},"end":{}}],"line":290},"41":{"loc":{"start":{"line":290,"column":8},"end":{"line":290,"column":39}},"type":"binary-expr","locations":[{"start":{"line":290,"column":8},"end":{"line":290,"column":27}},{"start":{"line":290,"column":27},"end":{"line":290,"column":39}}],"line":290},"42":{"loc":{"start":{"line":298,"column":30},"end":{"line":298,"column":70}},"type":"cond-expr","locations":[{"start":{"line":298,"column":47},"end":{"line":298,"column":51}},{"start":{"line":298,"column":51},"end":{"line":298,"column":70}}],"line":298},"43":{"loc":{"start":{"line":298,"column":70},"end":{"line":298,"column":null}},"type":"cond-expr","locations":[{"start":{"line":298,"column":87},"end":{"line":298,"column":91}},{"start":{"line":298,"column":91},"end":{"line":298,"column":null}}],"line":298},"44":{"loc":{"start":{"line":299,"column":4},"end":{"line":299,"column":null}},"type":"if","locations":[{"start":{"line":299,"column":4},"end":{"line":299,"column":null}},{"start":{},"end":{}}],"line":299},"45":{"loc":{"start":{"line":304,"column":4},"end":{"line":307,"column":null}},"type":"if","locations":[{"start":{"line":304,"column":4},"end":{"line":307,"column":null}},{"start":{},"end":{}}],"line":304},"46":{"loc":{"start":{"line":304,"column":8},"end":{"line":304,"column":57}},"type":"binary-expr","locations":[{"start":{"line":304,"column":8},"end":{"line":304,"column":27}},{"start":{"line":304,"column":27},"end":{"line":304,"column":57}}],"line":304},"47":{"loc":{"start":{"line":308,"column":4},"end":{"line":311,"column":null}},"type":"if","locations":[{"start":{"line":308,"column":4},"end":{"line":311,"column":null}},{"start":{},"end":{}}],"line":308},"48":{"loc":{"start":{"line":308,"column":8},"end":{"line":308,"column":57}},"type":"binary-expr","locations":[{"start":{"line":308,"column":8},"end":{"line":308,"column":27}},{"start":{"line":308,"column":27},"end":{"line":308,"column":57}}],"line":308},"49":{"loc":{"start":{"line":319,"column":4},"end":{"line":319,"column":null}},"type":"if","locations":[{"start":{"line":319,"column":4},"end":{"line":319,"column":null}},{"start":{},"end":{}}],"line":319},"50":{"loc":{"start":{"line":330,"column":4},"end":{"line":333,"column":null}},"type":"if","locations":[{"start":{"line":330,"column":4},"end":{"line":333,"column":null}},{"start":{},"end":{}}],"line":330},"51":{"loc":{"start":{"line":330,"column":8},"end":{"line":330,"column":57}},"type":"binary-expr","locations":[{"start":{"line":330,"column":8},"end":{"line":330,"column":27}},{"start":{"line":330,"column":27},"end":{"line":330,"column":57}}],"line":330},"52":{"loc":{"start":{"line":334,"column":4},"end":{"line":337,"column":null}},"type":"if","locations":[{"start":{"line":334,"column":4},"end":{"line":337,"column":null}},{"start":{},"end":{}}],"line":334},"53":{"loc":{"start":{"line":334,"column":8},"end":{"line":334,"column":57}},"type":"binary-expr","locations":[{"start":{"line":334,"column":8},"end":{"line":334,"column":27}},{"start":{"line":334,"column":27},"end":{"line":334,"column":57}}],"line":334},"54":{"loc":{"start":{"line":343,"column":15},"end":{"line":343,"column":null}},"type":"binary-expr","locations":[{"start":{"line":343,"column":15},"end":{"line":343,"column":30}},{"start":{"line":343,"column":30},"end":{"line":343,"column":null}}],"line":343},"55":{"loc":{"start":{"line":344,"column":15},"end":{"line":344,"column":null}},"type":"binary-expr","locations":[{"start":{"line":344,"column":15},"end":{"line":344,"column":31}},{"start":{"line":344,"column":31},"end":{"line":344,"column":null}}],"line":344},"56":{"loc":{"start":{"line":345,"column":15},"end":{"line":345,"column":null}},"type":"binary-expr","locations":[{"start":{"line":345,"column":15},"end":{"line":345,"column":30}},{"start":{"line":345,"column":30},"end":{"line":345,"column":null}}],"line":345},"57":{"loc":{"start":{"line":346,"column":15},"end":{"line":346,"column":null}},"type":"binary-expr","locations":[{"start":{"line":346,"column":15},"end":{"line":346,"column":31}},{"start":{"line":346,"column":31},"end":{"line":346,"column":null}}],"line":346},"58":{"loc":{"start":{"line":359,"column":4},"end":{"line":359,"column":null}},"type":"if","locations":[{"start":{"line":359,"column":4},"end":{"line":359,"column":null}},{"start":{},"end":{}}],"line":359},"59":{"loc":{"start":{"line":359,"column":8},"end":{"line":359,"column":40}},"type":"binary-expr","locations":[{"start":{"line":359,"column":8},"end":{"line":359,"column":25}},{"start":{"line":359,"column":25},"end":{"line":359,"column":40}}],"line":359},"60":{"loc":{"start":{"line":366,"column":4},"end":{"line":372,"column":null}},"type":"if","locations":[{"start":{"line":366,"column":4},"end":{"line":372,"column":null}},{"start":{"line":369,"column":11},"end":{"line":372,"column":null}}],"line":366},"61":{"loc":{"start":{"line":374,"column":30},"end":{"line":374,"column":70}},"type":"cond-expr","locations":[{"start":{"line":374,"column":47},"end":{"line":374,"column":51}},{"start":{"line":374,"column":51},"end":{"line":374,"column":70}}],"line":374},"62":{"loc":{"start":{"line":374,"column":70},"end":{"line":374,"column":null}},"type":"cond-expr","locations":[{"start":{"line":374,"column":87},"end":{"line":374,"column":91}},{"start":{"line":374,"column":91},"end":{"line":374,"column":null}}],"line":374},"63":{"loc":{"start":{"line":375,"column":4},"end":{"line":375,"column":null}},"type":"if","locations":[{"start":{"line":375,"column":4},"end":{"line":375,"column":null}},{"start":{},"end":{}}],"line":375},"64":{"loc":{"start":{"line":381,"column":4},"end":{"line":384,"column":null}},"type":"if","locations":[{"start":{"line":381,"column":4},"end":{"line":384,"column":null}},{"start":{},"end":{}}],"line":381},"65":{"loc":{"start":{"line":381,"column":8},"end":{"line":381,"column":57}},"type":"binary-expr","locations":[{"start":{"line":381,"column":8},"end":{"line":381,"column":27}},{"start":{"line":381,"column":27},"end":{"line":381,"column":57}}],"line":381},"66":{"loc":{"start":{"line":385,"column":4},"end":{"line":388,"column":null}},"type":"if","locations":[{"start":{"line":385,"column":4},"end":{"line":388,"column":null}},{"start":{},"end":{}}],"line":385},"67":{"loc":{"start":{"line":385,"column":8},"end":{"line":385,"column":57}},"type":"binary-expr","locations":[{"start":{"line":385,"column":8},"end":{"line":385,"column":27}},{"start":{"line":385,"column":27},"end":{"line":385,"column":57}}],"line":385},"68":{"loc":{"start":{"line":395,"column":4},"end":{"line":395,"column":null}},"type":"if","locations":[{"start":{"line":395,"column":4},"end":{"line":395,"column":null}},{"start":{},"end":{}}],"line":395},"69":{"loc":{"start":{"line":404,"column":4},"end":{"line":407,"column":null}},"type":"if","locations":[{"start":{"line":404,"column":4},"end":{"line":407,"column":null}},{"start":{},"end":{}}],"line":404},"70":{"loc":{"start":{"line":404,"column":8},"end":{"line":404,"column":57}},"type":"binary-expr","locations":[{"start":{"line":404,"column":8},"end":{"line":404,"column":27}},{"start":{"line":404,"column":27},"end":{"line":404,"column":57}}],"line":404},"71":{"loc":{"start":{"line":408,"column":4},"end":{"line":411,"column":null}},"type":"if","locations":[{"start":{"line":408,"column":4},"end":{"line":411,"column":null}},{"start":{},"end":{}}],"line":408},"72":{"loc":{"start":{"line":408,"column":8},"end":{"line":408,"column":57}},"type":"binary-expr","locations":[{"start":{"line":408,"column":8},"end":{"line":408,"column":27}},{"start":{"line":408,"column":27},"end":{"line":408,"column":57}}],"line":408},"73":{"loc":{"start":{"line":417,"column":15},"end":{"line":417,"column":null}},"type":"binary-expr","locations":[{"start":{"line":417,"column":15},"end":{"line":417,"column":29}},{"start":{"line":417,"column":29},"end":{"line":417,"column":null}}],"line":417},"74":{"loc":{"start":{"line":418,"column":15},"end":{"line":418,"column":null}},"type":"binary-expr","locations":[{"start":{"line":418,"column":15},"end":{"line":418,"column":30}},{"start":{"line":418,"column":30},"end":{"line":418,"column":null}}],"line":418},"75":{"loc":{"start":{"line":419,"column":15},"end":{"line":419,"column":null}},"type":"binary-expr","locations":[{"start":{"line":419,"column":15},"end":{"line":419,"column":32}},{"start":{"line":419,"column":32},"end":{"line":419,"column":null}}],"line":419},"76":{"loc":{"start":{"line":430,"column":4},"end":{"line":430,"column":null}},"type":"if","locations":[{"start":{"line":430,"column":4},"end":{"line":430,"column":null}},{"start":{},"end":{}}],"line":430},"77":{"loc":{"start":{"line":430,"column":8},"end":{"line":430,"column":34}},"type":"binary-expr","locations":[{"start":{"line":430,"column":8},"end":{"line":430,"column":22}},{"start":{"line":430,"column":22},"end":{"line":430,"column":34}}],"line":430},"78":{"loc":{"start":{"line":433,"column":13},"end":{"line":433,"column":null}},"type":"cond-expr","locations":[{"start":{"line":433,"column":26},"end":{"line":433,"column":30}},{"start":{"line":433,"column":30},"end":{"line":433,"column":null}}],"line":433},"79":{"loc":{"start":{"line":434,"column":13},"end":{"line":434,"column":null}},"type":"cond-expr","locations":[{"start":{"line":434,"column":26},"end":{"line":434,"column":31}},{"start":{"line":434,"column":31},"end":{"line":434,"column":null}}],"line":434},"80":{"loc":{"start":{"line":438,"column":4},"end":{"line":458,"column":null}},"type":"if","locations":[{"start":{"line":438,"column":4},"end":{"line":458,"column":null}},{"start":{},"end":{}}],"line":438},"81":{"loc":{"start":{"line":445,"column":6},"end":{"line":457,"column":null}},"type":"if","locations":[{"start":{"line":445,"column":6},"end":{"line":457,"column":null}},{"start":{"line":448,"column":6},"end":{"line":457,"column":null}}],"line":445},"82":{"loc":{"start":{"line":448,"column":6},"end":{"line":457,"column":null}},"type":"if","locations":[{"start":{"line":448,"column":6},"end":{"line":457,"column":null}},{"start":{"line":451,"column":6},"end":{"line":457,"column":null}}],"line":448},"83":{"loc":{"start":{"line":451,"column":6},"end":{"line":457,"column":null}},"type":"if","locations":[{"start":{"line":451,"column":6},"end":{"line":457,"column":null}},{"start":{"line":454,"column":13},"end":{"line":457,"column":null}}],"line":451},"84":{"loc":{"start":{"line":460,"column":30},"end":{"line":460,"column":68}},"type":"cond-expr","locations":[{"start":{"line":460,"column":46},"end":{"line":460,"column":50}},{"start":{"line":460,"column":50},"end":{"line":460,"column":68}}],"line":460},"85":{"loc":{"start":{"line":460,"column":68},"end":{"line":460,"column":null}},"type":"cond-expr","locations":[{"start":{"line":460,"column":86},"end":{"line":460,"column":90}},{"start":{"line":460,"column":90},"end":{"line":460,"column":null}}],"line":460},"86":{"loc":{"start":{"line":461,"column":4},"end":{"line":461,"column":null}},"type":"if","locations":[{"start":{"line":461,"column":4},"end":{"line":461,"column":null}},{"start":{},"end":{}}],"line":461},"87":{"loc":{"start":{"line":467,"column":4},"end":{"line":470,"column":null}},"type":"if","locations":[{"start":{"line":467,"column":4},"end":{"line":470,"column":null}},{"start":{},"end":{}}],"line":467},"88":{"loc":{"start":{"line":467,"column":8},"end":{"line":467,"column":55}},"type":"binary-expr","locations":[{"start":{"line":467,"column":8},"end":{"line":467,"column":26}},{"start":{"line":467,"column":26},"end":{"line":467,"column":55}}],"line":467},"89":{"loc":{"start":{"line":471,"column":4},"end":{"line":474,"column":null}},"type":"if","locations":[{"start":{"line":471,"column":4},"end":{"line":474,"column":null}},{"start":{},"end":{}}],"line":471},"90":{"loc":{"start":{"line":471,"column":8},"end":{"line":471,"column":59}},"type":"binary-expr","locations":[{"start":{"line":471,"column":8},"end":{"line":471,"column":28}},{"start":{"line":471,"column":28},"end":{"line":471,"column":59}}],"line":471},"91":{"loc":{"start":{"line":481,"column":4},"end":{"line":481,"column":null}},"type":"if","locations":[{"start":{"line":481,"column":4},"end":{"line":481,"column":null}},{"start":{},"end":{}}],"line":481},"92":{"loc":{"start":{"line":490,"column":4},"end":{"line":493,"column":null}},"type":"if","locations":[{"start":{"line":490,"column":4},"end":{"line":493,"column":null}},{"start":{},"end":{}}],"line":490},"93":{"loc":{"start":{"line":490,"column":8},"end":{"line":490,"column":55}},"type":"binary-expr","locations":[{"start":{"line":490,"column":8},"end":{"line":490,"column":26}},{"start":{"line":490,"column":26},"end":{"line":490,"column":55}}],"line":490},"94":{"loc":{"start":{"line":494,"column":4},"end":{"line":497,"column":null}},"type":"if","locations":[{"start":{"line":494,"column":4},"end":{"line":497,"column":null}},{"start":{},"end":{}}],"line":494},"95":{"loc":{"start":{"line":494,"column":8},"end":{"line":494,"column":59}},"type":"binary-expr","locations":[{"start":{"line":494,"column":8},"end":{"line":494,"column":28}},{"start":{"line":494,"column":28},"end":{"line":494,"column":59}}],"line":494}},"s":{"0":12,"1":12,"2":12,"3":12,"4":12,"5":12,"6":12,"7":12,"8":12,"9":1,"10":15,"11":1,"12":1,"13":1,"14":1,"15":4,"16":4,"17":0,"18":4,"19":4,"20":0,"21":0,"22":0,"23":0,"24":4,"25":4,"26":4,"27":4,"28":3,"29":4,"30":3,"31":3,"32":3,"33":3,"34":3,"35":3,"36":1,"37":1,"38":0,"39":1,"40":1,"41":1,"42":1,"43":1,"44":1,"45":1,"46":1,"47":1,"48":1,"49":4,"50":6,"51":6,"52":9,"53":0,"54":9,"55":9,"56":9,"57":9,"58":9,"59":9,"60":6,"61":9,"62":0,"63":9,"64":9,"65":2,"66":6,"67":6,"68":9,"69":9,"70":3,"71":3,"72":3,"73":3,"74":3,"75":6,"76":9,"77":9,"78":5,"79":5,"80":1,"81":1,"82":1,"83":4,"84":0,"85":0,"86":0,"87":5,"88":0,"89":0,"90":0,"91":5,"92":1,"93":1,"94":1,"95":4,"96":4,"97":4,"98":4,"99":0,"100":0,"101":0,"102":4,"103":1,"104":1,"105":1,"106":4,"107":1,"108":1,"109":1,"110":3,"111":0,"112":0,"113":0,"114":9,"115":3,"116":0,"117":3,"118":1,"119":2,"120":1,"121":1,"122":1,"123":0,"124":1,"125":1,"126":1,"127":1,"128":1,"129":1,"130":1,"131":0,"132":1,"133":1,"134":1,"135":1,"136":1,"137":0,"138":1,"139":1,"140":1,"141":1,"142":1,"143":1,"144":1,"145":1,"146":1,"147":1,"148":1,"149":1,"150":0,"151":1,"152":1,"153":1,"154":1,"155":1,"156":1,"157":1,"158":1,"159":1,"160":1,"161":1,"162":1,"163":1,"164":1,"165":1,"166":1,"167":1,"168":1,"169":1,"170":1,"171":1,"172":1,"173":1,"174":1,"175":1,"176":0,"177":1,"178":1,"179":1,"180":1,"181":1,"182":1,"183":0,"184":0,"185":1,"186":1,"187":0,"188":1,"189":1,"190":1,"191":1,"192":1,"193":1,"194":1,"195":1,"196":1,"197":1,"198":1,"199":1,"200":0,"201":1,"202":1,"203":1,"204":1,"205":1,"206":1,"207":1,"208":1,"209":1,"210":1,"211":1,"212":1,"213":1,"214":1,"215":1,"216":1,"217":1,"218":1,"219":1,"220":1,"221":1,"222":0,"223":1,"224":1,"225":1,"226":1,"227":0,"228":0,"229":0,"230":0,"231":0,"232":0,"233":0,"234":0,"235":0,"236":0,"237":0,"238":0,"239":0,"240":0,"241":0,"242":0,"243":1,"244":1,"245":0,"246":1,"247":1,"248":1,"249":1,"250":1,"251":1,"252":1,"253":1,"254":1,"255":1,"256":1,"257":1,"258":0,"259":1,"260":1,"261":1,"262":1,"263":1,"264":1,"265":1,"266":1,"267":1,"268":1,"269":1,"270":1},"f":{"0":12,"1":1,"2":15,"3":1,"4":1,"5":1,"6":4,"7":1,"8":1,"9":1,"10":4,"11":6,"12":9,"13":3,"14":1,"15":1,"16":1},"b":{"0":[12],"1":[12],"2":[0,4],"3":[0,4],"4":[4,0],"5":[0,0],"6":[4,0],"7":[4,4,4],"8":[3,1],"9":[4,4,3,3],"10":[3,1],"11":[0,1],"12":[1,0],"13":[0,9],"14":[9,9],"15":[0,9],"16":[2,7],"17":[3,0],"18":[5,4],"19":[9,5],"20":[1,4],"21":[0,4],"22":[0,5],"23":[1,4],"24":[4,0],"25":[4,4,4],"26":[0,4],"27":[1,3],"28":[1,3],"29":[0,3],"30":[0,3],"31":[3,0],"32":[1,2],"33":[3,1],"34":[1,1],"35":[2,2],"36":[1,0],"37":[1,1],"38":[1,0],"39":[1,0],"40":[0,1],"41":[1,1],"42":[0,1],"43":[0,1],"44":[0,1],"45":[1,0],"46":[1,1],"47":[1,0],"48":[1,1],"49":[0,1],"50":[1,0],"51":[1,1],"52":[1,0],"53":[1,1],"54":[1,0],"55":[1,0],"56":[1,0],"57":[1,0],"58":[0,1],"59":[1,1],"60":[1,0],"61":[0,1],"62":[0,1],"63":[0,1],"64":[1,0],"65":[1,1],"66":[1,0],"67":[1,1],"68":[0,1],"69":[1,0],"70":[1,1],"71":[1,0],"72":[1,1],"73":[1,0],"74":[1,0],"75":[1,0],"76":[0,1],"77":[1,0],"78":[0,1],"79":[0,1],"80":[0,1],"81":[0,0],"82":[0,0],"83":[0,0],"84":[0,1],"85":[0,1],"86":[0,1],"87":[1,0],"88":[1,1],"89":[1,0],"90":[1,1],"91":[0,1],"92":[1,0],"93":[1,1],"94":[1,0],"95":[1,1]},"meta":{"lastBranch":96,"lastFunction":17,"lastStatement":271,"seen":{"f:40:2:40:14":0,"b:40:30:40:35":0,"b:40:52:40:57":1,"s:29:2:29:Infinity":0,"s:30:2:30:Infinity":1,"s:31:2:31:Infinity":2,"s:32:2:32:Infinity":3,"s:33:2:33:Infinity":4,"s:36:2:36:Infinity":5,"s:37:2:37:Infinity":6,"s:38:2:38:Infinity":7,"s:41:4:41:Infinity":8,"f:47:2:47:9":1,"s:48:4:48:Infinity":9,"f:54:2:54:10":2,"s:55:4:55:Infinity":10,"f:61:2:61:13":3,"s:62:4:62:Infinity":11,"f:62:37:62:42":4,"s:62:42:62:53":12,"f:68:2:68:10":5,"s:69:4:69:Infinity":13,"s:70:4:70:Infinity":14,"f:76:2:76:12":6,"s:77:4:108:Infinity":15,"b:78:6:78:Infinity:undefined:undefined:undefined:undefined":2,"s:78:6:78:Infinity":16,"s:78:25:78:Infinity":17,"s:80:21:80:Infinity":18,"b:81:6:98:Infinity:87:6:98:Infinity":3,"s:81:6:98:Infinity":19,"b:81:10:81:36:81:36:81:49":4,"s:82:19:82:Infinity":20,"s:83:19:83:Infinity":21,"b:84:8:86:Infinity:undefined:undefined:undefined:undefined":5,"s:84:8:86:Infinity":22,"s:85:10:85:Infinity":23,"b:87:6:98:Infinity:undefined:undefined:undefined:undefined":6,"s:87:6:98:Infinity":24,"b:87:17:87:46:87:46:87:60:87:60:87:73":7,"s:88:22:88:Infinity":25,"s:89:22:89:Infinity":26,"b:90:8:97:Infinity:undefined:undefined:undefined:undefined":8,"s:90:8:97:Infinity":27,"b:91:10:91:Infinity:92:10:92:Infinity:93:10:93:Infinity:94:10:94:Infinity":9,"s:96:10:96:Infinity":28,"b:100:6:107:Infinity:undefined:undefined:undefined:undefined":10,"s:100:6:107:Infinity":29,"s:101:8:101:Infinity":30,"s:102:8:102:Infinity":31,"s:103:8:103:Infinity":32,"s:104:8:104:Infinity":33,"s:105:8:105:Infinity":34,"s:106:8:106:Infinity":35,"s:109:4:109:Infinity":36,"f:115:2:115:13":7,"b:116:4:116:Infinity:undefined:undefined:undefined:undefined":11,"s:116:4:116:Infinity":37,"s:116:26:116:Infinity":38,"s:117:17:117:Infinity":39,"f:117:34:117:39":8,"s:117:39:117:63":40,"b:118:4:128:Infinity:undefined:undefined:undefined:undefined":12,"s:118:4:128:Infinity":41,"s:119:22:119:Infinity":42,"s:120:22:120:Infinity":43,"s:123:6:123:Infinity":44,"s:124:6:124:Infinity":45,"s:126:6:126:Infinity":46,"s:127:6:127:Infinity":47,"f:134:2:134:12":9,"s:135:4:135:Infinity":48,"f:138:2:138:36":10,"s:139:4:139:Infinity":49,"f:147:2:147:27":11,"s:148:41:148:Infinity":50,"s:151:4:161:Infinity":51,"b:152:6:152:Infinity:undefined:undefined:undefined:undefined":13,"s:152:6:152:Infinity":52,"b:152:10:152:27:152:27:152:56":14,"s:152:56:152:Infinity":53,"s:154:6:154:Infinity":54,"s:155:6:155:Infinity":55,"s:156:6:156:Infinity":56,"s:157:6:157:Infinity":57,"s:159:6:159:Infinity":58,"s:160:6:160:Infinity":59,"s:164:4:175:Infinity":60,"b:165:6:165:Infinity:undefined:undefined:undefined:undefined":15,"s:165:6:165:Infinity":61,"s:165:25:165:Infinity":62,"s:167:29:167:Infinity":63,"b:168:6:174:Infinity:undefined:undefined:undefined:undefined":16,"s:168:6:174:Infinity":64,"s:169:8:173:Infinity":65,"s:178:4:188:Infinity":66,"s:178:17:178:20":67,"s:179:6:187:Infinity":68,"s:179:19:179:26":69,"s:180:22:180:Infinity":70,"s:181:22:181:Infinity":71,"s:183:23:183:Infinity":72,"b:184:8:186:Infinity:undefined:undefined:undefined:undefined":17,"s:184:8:186:Infinity":73,"s:185:10:185:Infinity":74,"s:190:4:190:Infinity":75,"f:196:10:196:28":12,"s:197:26:197:Infinity":76,"b:199:4:253:Infinity:225:4:253:Infinity":18,"s:199:4:253:Infinity":77,"b:199:8:199:34:199:34:199:47":19,"s:200:18:200:Infinity":78,"b:202:6:212:Infinity:206:6:212:Infinity":20,"s:202:6:212:Infinity":79,"s:203:8:203:Infinity":80,"s:204:8:204:Infinity":81,"s:205:8:205:Infinity":82,"b:206:6:212:Infinity:undefined:undefined:undefined:undefined":21,"s:206:6:212:Infinity":83,"s:209:8:209:Infinity":84,"s:210:8:210:Infinity":85,"s:211:8:211:Infinity":86,"b:214:6:224:Infinity:218:6:224:Infinity":22,"s:214:6:224:Infinity":87,"s:215:8:215:Infinity":88,"s:216:8:216:Infinity":89,"s:217:8:217:Infinity":90,"b:218:6:224:Infinity:undefined:undefined:undefined:undefined":23,"s:218:6:224:Infinity":91,"s:221:8:221:Infinity":92,"s:222:8:222:Infinity":93,"s:223:8:223:Infinity":94,"b:225:4:253:Infinity:undefined:undefined:undefined:undefined":24,"s:225:4:253:Infinity":95,"b:225:15:225:44:225:44:225:58:225:58:225:71":25,"s:226:20:226:Infinity":96,"s:227:20:227:Infinity":97,"b:230:6:240:Infinity:234:6:240:Infinity":26,"s:230:6:240:Infinity":98,"s:231:8:231:Infinity":99,"s:232:8:232:Infinity":100,"s:233:8:233:Infinity":101,"b:234:6:240:Infinity:undefined:undefined:undefined:undefined":27,"s:234:6:240:Infinity":102,"s:237:8:237:Infinity":103,"s:238:8:238:Infinity":104,"s:239:8:239:Infinity":105,"b:242:6:252:Infinity:246:6:252:Infinity":28,"s:242:6:252:Infinity":106,"s:243:8:243:Infinity":107,"s:244:8:244:Infinity":108,"s:245:8:245:Infinity":109,"b:246:6:252:Infinity:undefined:undefined:undefined:undefined":29,"s:246:6:252:Infinity":110,"s:249:8:249:Infinity":111,"s:250:8:250:Infinity":112,"s:251:8:251:Infinity":113,"s:255:4:255:Infinity":114,"f:261:10:261:27":13,"b:262:4:262:Infinity:undefined:undefined:undefined:undefined":30,"s:262:4:262:Infinity":115,"b:262:8:262:26:262:26:262:42":31,"s:262:42:262:Infinity":116,"b:265:4:267:Infinity:undefined:undefined:undefined:undefined":32,"s:265:4:267:Infinity":117,"b:265:8:265:35:265:35:265:60":33,"s:266:6:266:Infinity":118,"b:270:4:272:Infinity:undefined:undefined:undefined:undefined":34,"s:270:4:272:Infinity":119,"b:270:8:270:38:270:38:270:66":35,"s:271:6:271:Infinity":120,"b:275:4:279:Infinity:277:11:279:Infinity":36,"s:275:4:279:Infinity":121,"b:275:8:275:38:275:38:275:63":37,"s:276:6:276:Infinity":122,"s:278:6:278:Infinity":123,"f:282:10:282:32":14,"s:283:15:283:Infinity":124,"b:283:15:283:31:283:31:283:Infinity":38,"s:284:15:284:Infinity":125,"b:284:15:284:31:284:31:284:Infinity":39,"s:285:15:285:Infinity":126,"s:286:15:286:Infinity":127,"s:287:17:287:Infinity":128,"s:288:20:288:Infinity":129,"b:290:4:290:Infinity:undefined:undefined:undefined:undefined":40,"s:290:4:290:Infinity":130,"b:290:8:290:27:290:27:290:39":41,"s:290:39:290:Infinity":131,"s:293:20:293:Infinity":132,"s:294:15:294:Infinity":133,"s:295:15:295:Infinity":134,"s:298:10:298:Infinity":135,"b:298:47:298:51:298:51:298:70":42,"b:298:87:298:91:298:91:298:Infinity":43,"b:299:4:299:Infinity:undefined:undefined:undefined:undefined":44,"s:299:4:299:Infinity":136,"s:299:32:299:Infinity":137,"s:301:24:301:Infinity":138,"s:302:24:302:Infinity":139,"b:304:4:307:Infinity:undefined:undefined:undefined:undefined":45,"s:304:4:307:Infinity":140,"b:304:8:304:27:304:27:304:57":46,"s:305:6:305:Infinity":141,"s:306:6:306:Infinity":142,"b:308:4:311:Infinity:undefined:undefined:undefined:undefined":47,"s:308:4:311:Infinity":143,"b:308:8:308:27:308:27:308:57":48,"s:309:6:309:Infinity":144,"s:310:6:310:Infinity":145,"s:314:16:314:Infinity":146,"s:315:16:315:Infinity":147,"s:316:27:316:Infinity":148,"b:319:4:319:Infinity:undefined:undefined:undefined:undefined":49,"s:319:4:319:Infinity":149,"s:319:28:319:Infinity":150,"s:322:24:322:Infinity":151,"s:323:24:323:Infinity":152,"s:324:4:324:Infinity":153,"s:327:21:327:Infinity":154,"s:328:21:328:Infinity":155,"b:330:4:333:Infinity:undefined:undefined:undefined:undefined":50,"s:330:4:333:Infinity":156,"b:330:8:330:27:330:27:330:57":51,"s:331:6:331:Infinity":157,"s:332:6:332:Infinity":158,"b:334:4:337:Infinity:undefined:undefined:undefined:undefined":52,"s:334:4:337:Infinity":159,"b:334:8:334:27:334:27:334:57":53,"s:335:6:335:Infinity":160,"s:336:6:336:Infinity":161,"s:339:4:339:Infinity":162,"f:342:10:342:38":15,"s:343:15:343:Infinity":163,"b:343:15:343:30:343:30:343:Infinity":54,"s:344:15:344:Infinity":164,"b:344:15:344:31:344:31:344:Infinity":55,"s:345:15:345:Infinity":165,"b:345:15:345:30:345:30:345:Infinity":56,"s:346:15:346:Infinity":166,"b:346:15:346:31:346:31:346:Infinity":57,"s:348:15:348:Infinity":167,"s:349:15:349:Infinity":168,"s:351:19:351:Infinity":169,"s:352:19:352:Infinity":170,"s:353:19:353:Infinity":171,"s:354:19:354:Infinity":172,"s:356:22:356:Infinity":173,"s:357:22:357:Infinity":174,"b:359:4:359:Infinity:undefined:undefined:undefined:undefined":58,"s:359:4:359:Infinity":175,"b:359:8:359:25:359:25:359:40":59,"s:359:40:359:Infinity":176,"s:362:13:362:Infinity":177,"s:363:13:363:Infinity":178,"s:364:18:364:Infinity":179,"b:366:4:372:Infinity:369:11:372:Infinity":60,"s:366:4:372:Infinity":180,"s:367:6:367:Infinity":181,"s:368:6:368:Infinity":182,"s:370:6:370:Infinity":183,"s:371:6:371:Infinity":184,"s:374:10:374:Infinity":185,"b:374:47:374:51:374:51:374:70":61,"b:374:87:374:91:374:91:374:Infinity":62,"b:375:4:375:Infinity:undefined:undefined:undefined:undefined":63,"s:375:4:375:Infinity":186,"s:375:32:375:Infinity":187,"s:378:24:378:Infinity":188,"s:379:24:379:Infinity":189,"b:381:4:384:Infinity:undefined:undefined:undefined:undefined":64,"s:381:4:384:Infinity":190,"b:381:8:381:27:381:27:381:57":65,"s:382:6:382:Infinity":191,"s:383:6:383:Infinity":192,"b:385:4:388:Infinity:undefined:undefined:undefined:undefined":66,"s:385:4:388:Infinity":193,"b:385:8:385:27:385:27:385:57":67,"s:386:6:386:Infinity":194,"s:387:6:387:Infinity":195,"s:391:16:391:Infinity":196,"s:392:16:392:Infinity":197,"s:393:27:393:Infinity":198,"b:395:4:395:Infinity:undefined:undefined:undefined:undefined":68,"s:395:4:395:Infinity":199,"s:395:28:395:Infinity":200,"s:397:24:397:Infinity":201,"s:398:24:398:Infinity":202,"s:399:4:399:Infinity":203,"s:401:21:401:Infinity":204,"s:402:21:402:Infinity":205,"b:404:4:407:Infinity:undefined:undefined:undefined:undefined":69,"s:404:4:407:Infinity":206,"b:404:8:404:27:404:27:404:57":70,"s:405:6:405:Infinity":207,"s:406:6:406:Infinity":208,"b:408:4:411:Infinity:undefined:undefined:undefined:undefined":71,"s:408:4:411:Infinity":209,"b:408:8:408:27:408:27:408:57":72,"s:409:6:409:Infinity":210,"s:410:6:410:Infinity":211,"s:413:4:413:Infinity":212,"f:416:10:416:30":16,"s:417:15:417:Infinity":213,"b:417:15:417:29:417:29:417:Infinity":73,"s:418:15:418:Infinity":214,"b:418:15:418:30:418:30:418:Infinity":74,"s:419:15:419:Infinity":215,"b:419:15:419:32:419:32:419:Infinity":75,"s:422:21:422:Infinity":216,"s:423:21:423:Infinity":217,"s:425:15:425:Infinity":218,"s:426:15:426:Infinity":219,"s:427:17:427:Infinity":220,"b:430:4:430:Infinity:undefined:undefined:undefined:undefined":76,"s:430:4:430:Infinity":221,"b:430:8:430:22:430:22:430:34":77,"s:430:34:430:Infinity":222,"s:433:13:433:Infinity":223,"b:433:26:433:30:433:30:433:Infinity":78,"s:434:13:434:Infinity":224,"b:434:26:434:31:434:31:434:Infinity":79,"s:435:18:435:Infinity":225,"b:438:4:458:Infinity:undefined:undefined:undefined:undefined":80,"s:438:4:458:Infinity":226,"s:439:26:439:Infinity":227,"s:440:28:440:Infinity":228,"s:441:25:441:Infinity":229,"s:442:29:442:Infinity":230,"s:444:25:444:Infinity":231,"b:445:6:457:Infinity:448:6:457:Infinity":81,"s:445:6:457:Infinity":232,"s:446:8:446:Infinity":233,"s:447:8:447:Infinity":234,"b:448:6:457:Infinity:451:6:457:Infinity":82,"s:448:6:457:Infinity":235,"s:449:8:449:Infinity":236,"s:450:8:450:Infinity":237,"b:451:6:457:Infinity:454:13:457:Infinity":83,"s:451:6:457:Infinity":238,"s:452:8:452:Infinity":239,"s:453:8:453:Infinity":240,"s:455:8:455:Infinity":241,"s:456:8:456:Infinity":242,"s:460:10:460:Infinity":243,"b:460:46:460:50:460:50:460:68":84,"b:460:86:460:90:460:90:460:Infinity":85,"b:461:4:461:Infinity:undefined:undefined:undefined:undefined":86,"s:461:4:461:Infinity":244,"s:461:32:461:Infinity":245,"s:464:24:464:Infinity":246,"s:465:24:465:Infinity":247,"b:467:4:470:Infinity:undefined:undefined:undefined:undefined":87,"s:467:4:470:Infinity":248,"b:467:8:467:26:467:26:467:55":88,"s:468:6:468:Infinity":249,"s:469:6:469:Infinity":250,"b:471:4:474:Infinity:undefined:undefined:undefined:undefined":89,"s:471:4:474:Infinity":251,"b:471:8:471:28:471:28:471:59":90,"s:472:6:472:Infinity":252,"s:473:6:473:Infinity":253,"s:477:16:477:Infinity":254,"s:478:16:478:Infinity":255,"s:479:27:479:Infinity":256,"b:481:4:481:Infinity:undefined:undefined:undefined:undefined":91,"s:481:4:481:Infinity":257,"s:481:28:481:Infinity":258,"s:483:24:483:Infinity":259,"s:484:24:484:Infinity":260,"s:485:4:485:Infinity":261,"s:487:21:487:Infinity":262,"s:488:21:488:Infinity":263,"b:490:4:493:Infinity:undefined:undefined:undefined:undefined":92,"s:490:4:493:Infinity":264,"b:490:8:490:26:490:26:490:55":93,"s:491:6:491:Infinity":265,"s:492:6:492:Infinity":266,"b:494:4:497:Infinity:undefined:undefined:undefined:undefined":94,"s:494:4:497:Infinity":267,"b:494:8:494:28:494:28:494:59":95,"s:495:6:495:Infinity":268,"s:496:6:496:Infinity":269,"s:499:4:499:Infinity":270}}}
,"/home/goose/sources/mrazza/razza-dev/utils/synth.ts": {"path":"/home/goose/sources/mrazza/razza-dev/utils/synth.ts","statementMap":{"0":{"start":{"line":9,"column":2},"end":{"line":9,"column":null}},"1":{"start":{"line":10,"column":2},"end":{"line":10,"column":null}},"2":{"start":{"line":11,"column":2},"end":{"line":11,"column":null}},"3":{"start":{"line":12,"column":2},"end":{"line":12,"column":null}},"4":{"start":{"line":15,"column":4},"end":{"line":17,"column":null}},"5":{"start":{"line":16,"column":6},"end":{"line":16,"column":null}},"6":{"start":{"line":24,"column":4},"end":{"line":24,"column":null}},"7":{"start":{"line":24,"column":18},"end":{"line":24,"column":null}},"8":{"start":{"line":26,"column":30},"end":{"line":28,"column":null}},"9":{"start":{"line":30,"column":4},"end":{"line":33,"column":null}},"10":{"start":{"line":32,"column":6},"end":{"line":32,"column":null}},"11":{"start":{"line":35,"column":4},"end":{"line":44,"column":null}},"12":{"start":{"line":36,"column":6},"end":{"line":36,"column":null}},"13":{"start":{"line":37,"column":6},"end":{"line":37,"column":null}},"14":{"start":{"line":38,"column":6},"end":{"line":38,"column":null}},"15":{"start":{"line":39,"column":6},"end":{"line":39,"column":null}},"16":{"start":{"line":40,"column":6},"end":{"line":40,"column":null}},"17":{"start":{"line":42,"column":6},"end":{"line":42,"column":null}},"18":{"start":{"line":43,"column":6},"end":{"line":43,"column":null}},"19":{"start":{"line":51,"column":4},"end":{"line":53,"column":null}},"20":{"start":{"line":52,"column":6},"end":{"line":52,"column":null}},"21":{"start":{"line":54,"column":4},"end":{"line":57,"column":null}},"22":{"start":{"line":55,"column":6},"end":{"line":55,"column":null}},"23":{"start":{"line":56,"column":6},"end":{"line":56,"column":null}},"24":{"start":{"line":58,"column":4},"end":{"line":58,"column":null}},"25":{"start":{"line":65,"column":4},"end":{"line":65,"column":null}},"26":{"start":{"line":66,"column":4},"end":{"line":68,"column":null}},"27":{"start":{"line":67,"column":6},"end":{"line":67,"column":null}},"28":{"start":{"line":72,"column":4},"end":{"line":72,"column":null}},"29":{"start":{"line":79,"column":4},"end":{"line":79,"column":null}},"30":{"start":{"line":80,"column":4},"end":{"line":82,"column":null}},"31":{"start":{"line":81,"column":6},"end":{"line":81,"column":null}},"32":{"start":{"line":83,"column":4},"end":{"line":83,"column":null}},"33":{"start":{"line":87,"column":4},"end":{"line":87,"column":null}},"34":{"start":{"line":94,"column":4},"end":{"line":94,"column":null}},"35":{"start":{"line":94,"column":55},"end":{"line":94,"column":null}},"36":{"start":{"line":96,"column":16},"end":{"line":96,"column":null}},"37":{"start":{"line":99,"column":16},"end":{"line":99,"column":null}},"38":{"start":{"line":100,"column":21},"end":{"line":100,"column":null}},"39":{"start":{"line":102,"column":4},"end":{"line":102,"column":null}},"40":{"start":{"line":104,"column":4},"end":{"line":104,"column":null}},"41":{"start":{"line":105,"column":4},"end":{"line":105,"column":null}},"42":{"start":{"line":107,"column":4},"end":{"line":107,"column":null}},"43":{"start":{"line":108,"column":4},"end":{"line":108,"column":null}},"44":{"start":{"line":110,"column":4},"end":{"line":110,"column":null}},"45":{"start":{"line":111,"column":4},"end":{"line":111,"column":null}},"46":{"start":{"line":113,"column":4},"end":{"line":113,"column":null}},"47":{"start":{"line":114,"column":4},"end":{"line":114,"column":null}},"48":{"start":{"line":122,"column":4},"end":{"line":122,"column":null}},"49":{"start":{"line":122,"column":55},"end":{"line":122,"column":null}},"50":{"start":{"line":124,"column":18},"end":{"line":124,"column":null}},"51":{"start":{"line":125,"column":25},"end":{"line":125,"column":null}},"52":{"start":{"line":128,"column":21},"end":{"line":128,"column":null}},"53":{"start":{"line":130,"column":16},"end":{"line":130,"column":null}},"54":{"start":{"line":131,"column":21},"end":{"line":131,"column":null}},"55":{"start":{"line":134,"column":21},"end":{"line":134,"column":null}},"56":{"start":{"line":135,"column":23},"end":{"line":135,"column":null}},"57":{"start":{"line":137,"column":4},"end":{"line":156,"column":null}},"58":{"start":{"line":138,"column":6},"end":{"line":138,"column":null}},"59":{"start":{"line":138,"column":41},"end":{"line":138,"column":null}},"60":{"start":{"line":139,"column":18},"end":{"line":139,"column":null}},"61":{"start":{"line":140,"column":19},"end":{"line":140,"column":null}},"62":{"start":{"line":142,"column":6},"end":{"line":142,"column":null}},"63":{"start":{"line":143,"column":6},"end":{"line":143,"column":null}},"64":{"start":{"line":146,"column":27},"end":{"line":146,"column":null}},"65":{"start":{"line":148,"column":6},"end":{"line":148,"column":null}},"66":{"start":{"line":149,"column":6},"end":{"line":149,"column":null}},"67":{"start":{"line":151,"column":6},"end":{"line":151,"column":null}},"68":{"start":{"line":152,"column":6},"end":{"line":152,"column":null}},"69":{"start":{"line":154,"column":6},"end":{"line":154,"column":null}},"70":{"start":{"line":155,"column":6},"end":{"line":155,"column":null}},"71":{"start":{"line":164,"column":4},"end":{"line":164,"column":null}},"72":{"start":{"line":164,"column":55},"end":{"line":164,"column":null}},"73":{"start":{"line":167,"column":19},"end":{"line":172,"column":null}},"74":{"start":{"line":174,"column":16},"end":{"line":174,"column":null}},"75":{"start":{"line":176,"column":4},"end":{"line":201,"column":null}},"76":{"start":{"line":177,"column":6},"end":{"line":177,"column":null}},"77":{"start":{"line":177,"column":41},"end":{"line":177,"column":null}},"78":{"start":{"line":179,"column":18},"end":{"line":179,"column":null}},"79":{"start":{"line":180,"column":23},"end":{"line":180,"column":null}},"80":{"start":{"line":183,"column":6},"end":{"line":183,"column":null}},"81":{"start":{"line":184,"column":6},"end":{"line":184,"column":null}},"82":{"start":{"line":187,"column":27},"end":{"line":187,"column":null}},"83":{"start":{"line":188,"column":24},"end":{"line":188,"column":null}},"84":{"start":{"line":190,"column":6},"end":{"line":190,"column":null}},"85":{"start":{"line":192,"column":6},"end":{"line":192,"column":null}},"86":{"start":{"line":194,"column":6},"end":{"line":194,"column":null}},"87":{"start":{"line":196,"column":6},"end":{"line":196,"column":null}},"88":{"start":{"line":197,"column":6},"end":{"line":197,"column":null}},"89":{"start":{"line":199,"column":6},"end":{"line":199,"column":null}},"90":{"start":{"line":200,"column":6},"end":{"line":200,"column":null}},"91":{"start":{"line":208,"column":4},"end":{"line":208,"column":null}},"92":{"start":{"line":208,"column":55},"end":{"line":208,"column":null}},"93":{"start":{"line":210,"column":16},"end":{"line":210,"column":null}},"94":{"start":{"line":211,"column":16},"end":{"line":211,"column":null}},"95":{"start":{"line":212,"column":16},"end":{"line":212,"column":null}},"96":{"start":{"line":213,"column":20},"end":{"line":213,"column":null}},"97":{"start":{"line":214,"column":21},"end":{"line":214,"column":null}},"98":{"start":{"line":216,"column":4},"end":{"line":216,"column":null}},"99":{"start":{"line":217,"column":4},"end":{"line":217,"column":null}},"100":{"start":{"line":220,"column":4},"end":{"line":220,"column":null}},"101":{"start":{"line":221,"column":4},"end":{"line":221,"column":null}},"102":{"start":{"line":223,"column":4},"end":{"line":223,"column":null}},"103":{"start":{"line":224,"column":4},"end":{"line":224,"column":null}},"104":{"start":{"line":225,"column":4},"end":{"line":225,"column":null}},"105":{"start":{"line":226,"column":4},"end":{"line":226,"column":null}},"106":{"start":{"line":229,"column":4},"end":{"line":229,"column":null}},"107":{"start":{"line":230,"column":4},"end":{"line":230,"column":null}},"108":{"start":{"line":232,"column":4},"end":{"line":232,"column":null}},"109":{"start":{"line":233,"column":4},"end":{"line":233,"column":null}},"110":{"start":{"line":235,"column":4},"end":{"line":235,"column":null}},"111":{"start":{"line":236,"column":4},"end":{"line":236,"column":null}},"112":{"start":{"line":238,"column":4},"end":{"line":238,"column":null}},"113":{"start":{"line":239,"column":4},"end":{"line":239,"column":null}}},"fnMap":{"0":{"name":"(anonymous_0)","decl":{"start":{"line":14,"column":2},"end":{"line":14,"column":14}},"loc":{"start":{"line":14,"column":38},"end":{"line":18,"column":null}},"line":14},"1":{"name":"(anonymous_1)","decl":{"start":{"line":23,"column":2},"end":{"line":23,"column":18}},"loc":{"start":{"line":23,"column":18},"end":{"line":45,"column":null}},"line":23},"2":{"name":"(anonymous_2)","decl":{"start":{"line":50,"column":8},"end":{"line":50,"column":35}},"loc":{"start":{"line":50,"column":35},"end":{"line":59,"column":null}},"line":50},"3":{"name":"(anonymous_3)","decl":{"start":{"line":64,"column":2},"end":{"line":64,"column":18}},"loc":{"start":{"line":64,"column":31},"end":{"line":69,"column":null}},"line":64},"4":{"name":"(anonymous_4)","decl":{"start":{"line":71,"column":2},"end":{"line":71,"column":28}},"loc":{"start":{"line":71,"column":28},"end":{"line":73,"column":null}},"line":71},"5":{"name":"(anonymous_5)","decl":{"start":{"line":78,"column":2},"end":{"line":78,"column":24}},"loc":{"start":{"line":78,"column":24},"end":{"line":84,"column":null}},"line":78},"6":{"name":"(anonymous_6)","decl":{"start":{"line":86,"column":2},"end":{"line":86,"column":27}},"loc":{"start":{"line":86,"column":27},"end":{"line":88,"column":null}},"line":86},"7":{"name":"(anonymous_7)","decl":{"start":{"line":93,"column":2},"end":{"line":93,"column":13}},"loc":{"start":{"line":93,"column":13},"end":{"line":115,"column":null}},"line":93},"8":{"name":"(anonymous_8)","decl":{"start":{"line":121,"column":2},"end":{"line":121,"column":13}},"loc":{"start":{"line":121,"column":31},"end":{"line":157,"column":null}},"line":121},"9":{"name":"(anonymous_9)","decl":{"start":{"line":137,"column":21},"end":{"line":137,"column":22}},"loc":{"start":{"line":137,"column":37},"end":{"line":156,"column":5}},"line":137},"10":{"name":"(anonymous_10)","decl":{"start":{"line":163,"column":2},"end":{"line":163,"column":12}},"loc":{"start":{"line":163,"column":130},"end":{"line":202,"column":null}},"line":163},"11":{"name":"(anonymous_11)","decl":{"start":{"line":176,"column":19},"end":{"line":176,"column":20}},"loc":{"start":{"line":176,"column":37},"end":{"line":201,"column":5}},"line":176},"12":{"name":"(anonymous_12)","decl":{"start":{"line":207,"column":2},"end":{"line":207,"column":12}},"loc":{"start":{"line":207,"column":54},"end":{"line":240,"column":null}},"line":207}},"branchMap":{"0":{"loc":{"start":{"line":15,"column":4},"end":{"line":17,"column":null}},"type":"if","locations":[{"start":{"line":15,"column":4},"end":{"line":17,"column":null}},{"start":{},"end":{}}],"line":15},"1":{"loc":{"start":{"line":15,"column":8},"end":{"line":15,"column":55}},"type":"binary-expr","locations":[{"start":{"line":15,"column":8},"end":{"line":15,"column":19}},{"start":{"line":15,"column":19},"end":{"line":15,"column":55}}],"line":15},"2":{"loc":{"start":{"line":24,"column":4},"end":{"line":24,"column":null}},"type":"if","locations":[{"start":{"line":24,"column":4},"end":{"line":24,"column":null}},{"start":{},"end":{}}],"line":24},"3":{"loc":{"start":{"line":26,"column":30},"end":{"line":28,"column":null}},"type":"cond-expr","locations":[{"start":{"line":27,"column":9},"end":{"line":27,"column":null}},{"start":{"line":28,"column":8},"end":{"line":28,"column":null}}],"line":26},"4":{"loc":{"start":{"line":27,"column":9},"end":{"line":27,"column":null}},"type":"binary-expr","locations":[{"start":{"line":27,"column":9},"end":{"line":27,"column":33}},{"start":{"line":27,"column":33},"end":{"line":27,"column":null}}],"line":27},"5":{"loc":{"start":{"line":30,"column":4},"end":{"line":33,"column":null}},"type":"if","locations":[{"start":{"line":30,"column":4},"end":{"line":33,"column":null}},{"start":{},"end":{}}],"line":30},"6":{"loc":{"start":{"line":38,"column":42},"end":{"line":38,"column":74}},"type":"cond-expr","locations":[{"start":{"line":38,"column":57},"end":{"line":38,"column":61}},{"start":{"line":38,"column":61},"end":{"line":38,"column":74}}],"line":38},"7":{"loc":{"start":{"line":51,"column":4},"end":{"line":53,"column":null}},"type":"if","locations":[{"start":{"line":51,"column":4},"end":{"line":53,"column":null}},{"start":{},"end":{}}],"line":51},"8":{"loc":{"start":{"line":54,"column":4},"end":{"line":57,"column":null}},"type":"if","locations":[{"start":{"line":54,"column":4},"end":{"line":57,"column":null}},{"start":{},"end":{}}],"line":54},"9":{"loc":{"start":{"line":54,"column":8},"end":{"line":54,"column":52}},"type":"binary-expr","locations":[{"start":{"line":54,"column":8},"end":{"line":54,"column":20}},{"start":{"line":54,"column":20},"end":{"line":54,"column":52}}],"line":54},"10":{"loc":{"start":{"line":66,"column":4},"end":{"line":68,"column":null}},"type":"if","locations":[{"start":{"line":66,"column":4},"end":{"line":68,"column":null}},{"start":{},"end":{}}],"line":66},"11":{"loc":{"start":{"line":66,"column":8},"end":{"line":66,"column":37}},"type":"binary-expr","locations":[{"start":{"line":66,"column":8},"end":{"line":66,"column":27}},{"start":{"line":66,"column":27},"end":{"line":66,"column":37}}],"line":66},"12":{"loc":{"start":{"line":67,"column":43},"end":{"line":67,"column":75}},"type":"cond-expr","locations":[{"start":{"line":67,"column":58},"end":{"line":67,"column":62}},{"start":{"line":67,"column":62},"end":{"line":67,"column":75}}],"line":67},"13":{"loc":{"start":{"line":80,"column":4},"end":{"line":82,"column":null}},"type":"if","locations":[{"start":{"line":80,"column":4},"end":{"line":82,"column":null}},{"start":{},"end":{}}],"line":80},"14":{"loc":{"start":{"line":80,"column":8},"end":{"line":80,"column":37}},"type":"binary-expr","locations":[{"start":{"line":80,"column":8},"end":{"line":80,"column":27}},{"start":{"line":80,"column":27},"end":{"line":80,"column":37}}],"line":80},"15":{"loc":{"start":{"line":81,"column":43},"end":{"line":81,"column":75}},"type":"cond-expr","locations":[{"start":{"line":81,"column":58},"end":{"line":81,"column":62}},{"start":{"line":81,"column":62},"end":{"line":81,"column":75}}],"line":81},"16":{"loc":{"start":{"line":94,"column":4},"end":{"line":94,"column":null}},"type":"if","locations":[{"start":{"line":94,"column":4},"end":{"line":94,"column":null}},{"start":{},"end":{}}],"line":94},"17":{"loc":{"start":{"line":94,"column":8},"end":{"line":94,"column":55}},"type":"binary-expr","locations":[{"start":{"line":94,"column":8},"end":{"line":94,"column":24}},{"start":{"line":94,"column":24},"end":{"line":94,"column":37}},{"start":{"line":94,"column":37},"end":{"line":94,"column":55}}],"line":94},"18":{"loc":{"start":{"line":122,"column":4},"end":{"line":122,"column":null}},"type":"if","locations":[{"start":{"line":122,"column":4},"end":{"line":122,"column":null}},{"start":{},"end":{}}],"line":122},"19":{"loc":{"start":{"line":122,"column":8},"end":{"line":122,"column":55}},"type":"binary-expr","locations":[{"start":{"line":122,"column":8},"end":{"line":122,"column":24}},{"start":{"line":122,"column":24},"end":{"line":122,"column":37}},{"start":{"line":122,"column":37},"end":{"line":122,"column":55}}],"line":122},"20":{"loc":{"start":{"line":138,"column":6},"end":{"line":138,"column":null}},"type":"if","locations":[{"start":{"line":138,"column":6},"end":{"line":138,"column":null}},{"start":{},"end":{}}],"line":138},"21":{"loc":{"start":{"line":138,"column":10},"end":{"line":138,"column":41}},"type":"binary-expr","locations":[{"start":{"line":138,"column":10},"end":{"line":138,"column":23}},{"start":{"line":138,"column":23},"end":{"line":138,"column":41}}],"line":138},"22":{"loc":{"start":{"line":163,"column":12},"end":{"line":163,"column":36}},"type":"default-arg","locations":[{"start":{"line":163,"column":31},"end":{"line":163,"column":36}}],"line":163},"23":{"loc":{"start":{"line":163,"column":36},"end":{"line":163,"column":106}},"type":"default-arg","locations":[{"start":{"line":163,"column":94},"end":{"line":163,"column":106}}],"line":163},"24":{"loc":{"start":{"line":163,"column":106},"end":{"line":163,"column":130}},"type":"default-arg","locations":[{"start":{"line":163,"column":125},"end":{"line":163,"column":130}}],"line":163},"25":{"loc":{"start":{"line":164,"column":4},"end":{"line":164,"column":null}},"type":"if","locations":[{"start":{"line":164,"column":4},"end":{"line":164,"column":null}},{"start":{},"end":{}}],"line":164},"26":{"loc":{"start":{"line":164,"column":8},"end":{"line":164,"column":55}},"type":"binary-expr","locations":[{"start":{"line":164,"column":8},"end":{"line":164,"column":24}},{"start":{"line":164,"column":24},"end":{"line":164,"column":37}},{"start":{"line":164,"column":37},"end":{"line":164,"column":55}}],"line":164},"27":{"loc":{"start":{"line":177,"column":6},"end":{"line":177,"column":null}},"type":"if","locations":[{"start":{"line":177,"column":6},"end":{"line":177,"column":null}},{"start":{},"end":{}}],"line":177},"28":{"loc":{"start":{"line":177,"column":10},"end":{"line":177,"column":41}},"type":"binary-expr","locations":[{"start":{"line":177,"column":10},"end":{"line":177,"column":23}},{"start":{"line":177,"column":23},"end":{"line":177,"column":41}}],"line":177},"29":{"loc":{"start":{"line":207,"column":12},"end":{"line":207,"column":32}},"type":"default-arg","locations":[{"start":{"line":207,"column":27},"end":{"line":207,"column":32}}],"line":207},"30":{"loc":{"start":{"line":207,"column":32},"end":{"line":207,"column":54}},"type":"default-arg","locations":[{"start":{"line":207,"column":51},"end":{"line":207,"column":54}}],"line":207},"31":{"loc":{"start":{"line":208,"column":4},"end":{"line":208,"column":null}},"type":"if","locations":[{"start":{"line":208,"column":4},"end":{"line":208,"column":null}},{"start":{},"end":{}}],"line":208},"32":{"loc":{"start":{"line":208,"column":8},"end":{"line":208,"column":55}},"type":"binary-expr","locations":[{"start":{"line":208,"column":8},"end":{"line":208,"column":24}},{"start":{"line":208,"column":24},"end":{"line":208,"column":37}},{"start":{"line":208,"column":37},"end":{"line":208,"column":55}}],"line":208}},"s":{"0":7,"1":7,"2":7,"3":7,"4":7,"5":1,"6":10,"7":4,"8":6,"9":10,"10":5,"11":1,"12":1,"13":1,"14":1,"15":10,"16":10,"17":0,"18":0,"19":1,"20":0,"21":1,"22":1,"23":1,"24":0,"25":4,"26":4,"27":1,"28":5,"29":3,"30":3,"31":1,"32":3,"33":4,"34":2,"35":1,"36":1,"37":1,"38":1,"39":1,"40":1,"41":1,"42":1,"43":1,"44":1,"45":1,"46":1,"47":1,"48":2,"49":1,"50":1,"51":1,"52":1,"53":1,"54":1,"55":1,"56":1,"57":1,"58":4,"59":0,"60":4,"61":4,"62":4,"63":4,"64":4,"65":4,"66":4,"67":4,"68":4,"69":4,"70":4,"71":2,"72":1,"73":1,"74":1,"75":1,"76":5,"77":0,"78":5,"79":5,"80":5,"81":5,"82":5,"83":5,"84":5,"85":5,"86":5,"87":5,"88":5,"89":5,"90":5,"91":2,"92":1,"93":1,"94":1,"95":1,"96":1,"97":1,"98":1,"99":1,"100":1,"101":1,"102":1,"103":1,"104":1,"105":1,"106":1,"107":1,"108":1,"109":1,"110":1,"111":1,"112":1,"113":1},"f":{"0":7,"1":10,"2":1,"3":4,"4":5,"5":3,"6":4,"7":2,"8":2,"9":4,"10":2,"11":5,"12":2},"b":{"0":[1,6],"1":[7,1],"2":[4,6],"3":[6,0],"4":[6,5],"5":[5,5],"6":[0,1],"7":[0,1],"8":[1,0],"9":[1,1],"10":[1,3],"11":[4,1],"12":[0,1],"13":[1,2],"14":[3,1],"15":[1,0],"16":[1,1],"17":[2,1,1],"18":[1,1],"19":[2,1,1],"20":[0,4],"21":[4,4],"22":[2],"23":[2],"24":[2],"25":[1,1],"26":[2,1,1],"27":[0,5],"28":[5,5],"29":[2],"30":[2],"31":[1,1],"32":[2,1,1]},"meta":{"lastBranch":33,"lastFunction":13,"lastStatement":114,"seen":{"f:14:2:14:14":0,"s:9:2:9:Infinity":0,"s:10:2:10:Infinity":1,"s:11:2:11:Infinity":2,"s:12:2:12:Infinity":3,"b:15:4:17:Infinity:undefined:undefined:undefined:undefined":0,"s:15:4:17:Infinity":4,"b:15:8:15:19:15:19:15:55":1,"s:16:6:16:Infinity":5,"f:23:2:23:18":1,"b:24:4:24:Infinity:undefined:undefined:undefined:undefined":2,"s:24:4:24:Infinity":6,"s:24:18:24:Infinity":7,"s:26:30:28:Infinity":8,"b:27:9:27:Infinity:28:8:28:Infinity":3,"b:27:9:27:33:27:33:27:Infinity":4,"b:30:4:33:Infinity:undefined:undefined:undefined:undefined":5,"s:30:4:33:Infinity":9,"s:32:6:32:Infinity":10,"s:35:4:44:Infinity":11,"s:36:6:36:Infinity":12,"s:37:6:37:Infinity":13,"s:38:6:38:Infinity":14,"b:38:57:38:61:38:61:38:74":6,"s:39:6:39:Infinity":15,"s:40:6:40:Infinity":16,"s:42:6:42:Infinity":17,"s:43:6:43:Infinity":18,"f:50:8:50:35":2,"b:51:4:53:Infinity:undefined:undefined:undefined:undefined":7,"s:51:4:53:Infinity":19,"s:52:6:52:Infinity":20,"b:54:4:57:Infinity:undefined:undefined:undefined:undefined":8,"s:54:4:57:Infinity":21,"b:54:8:54:20:54:20:54:52":9,"s:55:6:55:Infinity":22,"s:56:6:56:Infinity":23,"s:58:4:58:Infinity":24,"f:64:2:64:18":3,"s:65:4:65:Infinity":25,"b:66:4:68:Infinity:undefined:undefined:undefined:undefined":10,"s:66:4:68:Infinity":26,"b:66:8:66:27:66:27:66:37":11,"s:67:6:67:Infinity":27,"b:67:58:67:62:67:62:67:75":12,"f:71:2:71:28":4,"s:72:4:72:Infinity":28,"f:78:2:78:24":5,"s:79:4:79:Infinity":29,"b:80:4:82:Infinity:undefined:undefined:undefined:undefined":13,"s:80:4:82:Infinity":30,"b:80:8:80:27:80:27:80:37":14,"s:81:6:81:Infinity":31,"b:81:58:81:62:81:62:81:75":15,"s:83:4:83:Infinity":32,"f:86:2:86:27":6,"s:87:4:87:Infinity":33,"f:93:2:93:13":7,"b:94:4:94:Infinity:undefined:undefined:undefined:undefined":16,"s:94:4:94:Infinity":34,"b:94:8:94:24:94:24:94:37:94:37:94:55":17,"s:94:55:94:Infinity":35,"s:96:16:96:Infinity":36,"s:99:16:99:Infinity":37,"s:100:21:100:Infinity":38,"s:102:4:102:Infinity":39,"s:104:4:104:Infinity":40,"s:105:4:105:Infinity":41,"s:107:4:107:Infinity":42,"s:108:4:108:Infinity":43,"s:110:4:110:Infinity":44,"s:111:4:111:Infinity":45,"s:113:4:113:Infinity":46,"s:114:4:114:Infinity":47,"f:121:2:121:13":8,"b:122:4:122:Infinity:undefined:undefined:undefined:undefined":18,"s:122:4:122:Infinity":48,"b:122:8:122:24:122:24:122:37:122:37:122:55":19,"s:122:55:122:Infinity":49,"s:124:18:124:Infinity":50,"s:125:25:125:Infinity":51,"s:128:21:128:Infinity":52,"s:130:16:130:Infinity":53,"s:131:21:131:Infinity":54,"s:134:21:134:Infinity":55,"s:135:23:135:Infinity":56,"s:137:4:156:Infinity":57,"f:137:21:137:22":9,"b:138:6:138:Infinity:undefined:undefined:undefined:undefined":20,"s:138:6:138:Infinity":58,"b:138:10:138:23:138:23:138:41":21,"s:138:41:138:Infinity":59,"s:139:18:139:Infinity":60,"s:140:19:140:Infinity":61,"s:142:6:142:Infinity":62,"s:143:6:143:Infinity":63,"s:146:27:146:Infinity":64,"s:148:6:148:Infinity":65,"s:149:6:149:Infinity":66,"s:151:6:151:Infinity":67,"s:152:6:152:Infinity":68,"s:154:6:154:Infinity":69,"s:155:6:155:Infinity":70,"f:163:2:163:12":10,"b:163:31:163:36":22,"b:163:94:163:106":23,"b:163:125:163:130":24,"b:164:4:164:Infinity:undefined:undefined:undefined:undefined":25,"s:164:4:164:Infinity":71,"b:164:8:164:24:164:24:164:37:164:37:164:55":26,"s:164:55:164:Infinity":72,"s:167:19:172:Infinity":73,"s:174:16:174:Infinity":74,"s:176:4:201:Infinity":75,"f:176:19:176:20":11,"b:177:6:177:Infinity:undefined:undefined:undefined:undefined":27,"s:177:6:177:Infinity":76,"b:177:10:177:23:177:23:177:41":28,"s:177:41:177:Infinity":77,"s:179:18:179:Infinity":78,"s:180:23:180:Infinity":79,"s:183:6:183:Infinity":80,"s:184:6:184:Infinity":81,"s:187:27:187:Infinity":82,"s:188:24:188:Infinity":83,"s:190:6:190:Infinity":84,"s:192:6:192:Infinity":85,"s:194:6:194:Infinity":86,"s:196:6:196:Infinity":87,"s:197:6:197:Infinity":88,"s:199:6:199:Infinity":89,"s:200:6:200:Infinity":90,"f:207:2:207:12":12,"b:207:27:207:32":29,"b:207:51:207:54":30,"b:208:4:208:Infinity:undefined:undefined:undefined:undefined":31,"s:208:4:208:Infinity":91,"b:208:8:208:24:208:24:208:37:208:37:208:55":32,"s:208:55:208:Infinity":92,"s:210:16:210:Infinity":93,"s:211:16:211:Infinity":94,"s:212:16:212:Infinity":95,"s:213:20:213:Infinity":96,"s:214:21:214:Infinity":97,"s:216:4:216:Infinity":98,"s:217:4:217:Infinity":99,"s:220:4:220:Infinity":100,"s:221:4:221:Infinity":101,"s:223:4:223:Infinity":102,"s:224:4:224:Infinity":103,"s:225:4:225:Infinity":104,"s:226:4:226:Infinity":105,"s:229:4:229:Infinity":106,"s:230:4:230:Infinity":107,"s:232:4:232:Infinity":108,"s:233:4:233:Infinity":109,"s:235:4:235:Infinity":110,"s:236:4:236:Infinity":111,"s:238:4:238:Infinity":112,"s:239:4:239:Infinity":113}}}
,"/home/goose/sources/mrazza/razza-dev/utils/wave-math.ts": {"path":"/home/goose/sources/mrazza/razza-dev/utils/wave-math.ts","statementMap":{"0":{"start":{"line":23,"column":15},"end":{"line":23,"column":null}},"1":{"start":{"line":24,"column":15},"end":{"line":24,"column":null}},"2":{"start":{"line":25,"column":15},"end":{"line":25,"column":null}},"3":{"start":{"line":27,"column":2},"end":{"line":27,"column":null}},"4":{"start":{"line":48,"column":13},"end":{"line":48,"column":null}},"5":{"start":{"line":49,"column":13},"end":{"line":49,"column":null}},"6":{"start":{"line":50,"column":19},"end":{"line":50,"column":null}},"7":{"start":{"line":52,"column":2},"end":{"line":54,"column":null}},"8":{"start":{"line":53,"column":4},"end":{"line":53,"column":null}},"9":{"start":{"line":57,"column":17},"end":{"line":57,"column":null}},"10":{"start":{"line":60,"column":16},"end":{"line":60,"column":null}},"11":{"start":{"line":62,"column":2},"end":{"line":65,"column":null}},"12":{"start":{"line":77,"column":2},"end":{"line":77,"column":null}}},"fnMap":{"0":{"name":"calculateWaveHeight","decl":{"start":{"line":17,"column":16},"end":{"line":17,"column":null}},"loc":{"start":{"line":22,"column":10},"end":{"line":28,"column":null}},"line":22},"1":{"name":"calculateMouseDistortion","decl":{"start":{"line":40,"column":16},"end":{"line":40,"column":null}},"loc":{"start":{"line":47,"column":33},"end":{"line":66,"column":null}},"line":47},"2":{"name":"interpolatePoints","decl":{"start":{"line":72,"column":16},"end":{"line":72,"column":null}},"loc":{"start":{"line":76,"column":10},"end":{"line":78,"column":null}},"line":76}},"branchMap":{"0":{"loc":{"start":{"line":20,"column":2},"end":{"line":20,"column":null}},"type":"default-arg","locations":[{"start":{"line":20,"column":26},"end":{"line":20,"column":null}}],"line":20},"1":{"loc":{"start":{"line":21,"column":2},"end":{"line":21,"column":null}},"type":"default-arg","locations":[{"start":{"line":21,"column":26},"end":{"line":21,"column":null}}],"line":21},"2":{"loc":{"start":{"line":45,"column":2},"end":{"line":45,"column":null}},"type":"default-arg","locations":[{"start":{"line":45,"column":19},"end":{"line":45,"column":null}}],"line":45},"3":{"loc":{"start":{"line":46,"column":2},"end":{"line":46,"column":null}},"type":"default-arg","locations":[{"start":{"line":46,"column":21},"end":{"line":46,"column":null}}],"line":46},"4":{"loc":{"start":{"line":52,"column":2},"end":{"line":54,"column":null}},"type":"if","locations":[{"start":{"line":52,"column":2},"end":{"line":54,"column":null}},{"start":{},"end":{}}],"line":52},"5":{"loc":{"start":{"line":75,"column":2},"end":{"line":75,"column":null}},"type":"default-arg","locations":[{"start":{"line":75,"column":23},"end":{"line":75,"column":null}}],"line":75}},"s":{"0":5,"1":5,"2":5,"3":5,"4":3,"5":3,"6":3,"7":3,"8":1,"9":2,"10":2,"11":2,"12":2},"f":{"0":5,"1":3,"2":2},"b":{"0":[5],"1":[5],"2":[3],"3":[3],"4":[1,2],"5":[2]},"meta":{"lastBranch":6,"lastFunction":3,"lastStatement":13,"seen":{"f:17:16:17:Infinity":0,"b:20:26:20:Infinity":0,"b:21:26:21:Infinity":1,"s:23:15:23:Infinity":0,"s:24:15:24:Infinity":1,"s:25:15:25:Infinity":2,"s:27:2:27:Infinity":3,"f:40:16:40:Infinity":1,"b:45:19:45:Infinity":2,"b:46:21:46:Infinity":3,"s:48:13:48:Infinity":4,"s:49:13:49:Infinity":5,"s:50:19:50:Infinity":6,"b:52:2:54:Infinity:undefined:undefined:undefined:undefined":4,"s:52:2:54:Infinity":7,"s:53:4:53:Infinity":8,"s:57:17:57:Infinity":9,"s:60:16:60:Infinity":10,"s:62:2:65:Infinity":11,"f:72:16:72:Infinity":2,"b:75:23:75:Infinity":5,"s:77:2:77:Infinity":12}}}
}
